<?xml version="1.0" encoding="UTF-8"?>
<testng-results skipped="0" failed="0" total="3" passed="3">
  <reporter-output>
  </reporter-output>
  <suite name="Surefire suite" duration-ms="4513" started-at="2018-04-17T01:25:05Z" finished-at="2018-04-17T01:25:09Z">
    <groups>
    </groups>
    <test name="Surefire test" duration-ms="4513" started-at="2018-04-17T01:25:05Z" finished-at="2018-04-17T01:25:09Z">
      <class name="com.smart.service.UserServiceTest">
        <test-method status="PASS" signature="springTestContextBeforeTestClass()[pri:0, instance:com.smart.service.UserServiceTest@3dd4520b]" name="springTestContextBeforeTestClass" is-config="true" duration-ms="36" started-at="2018-04-17T09:25:05Z" finished-at="2018-04-17T09:25:05Z">
          <reporter-output>
          </reporter-output>
        </test-method> <!-- springTestContextBeforeTestClass -->
        <test-method status="PASS" signature="springTestContextPrepareTestInstance()[pri:0, instance:com.smart.service.UserServiceTest@3dd4520b]" name="springTestContextPrepareTestInstance" is-config="true" duration-ms="3612" started-at="2018-04-17T09:25:05Z" depends-on-methods="org.springframework.test.context.testng.AbstractTestNGSpringContextTests.springTestContextBeforeTestClass" finished-at="2018-04-17T09:25:08Z">
          <reporter-output>
          </reporter-output>
        </test-method> <!-- springTestContextPrepareTestInstance -->
        <test-method status="PASS" signature="springTestContextBeforeTestMethod(java.lang.reflect.Method)[pri:0, instance:com.smart.service.UserServiceTest@3dd4520b]" name="springTestContextBeforeTestMethod" is-config="true" duration-ms="476" started-at="2018-04-17T09:25:08Z" finished-at="2018-04-17T09:25:09Z">
          <params>
            <param index="0">
              <value>
                <![CDATA[public void com.smart.service.UserServiceTest.testAddLoginLog()]]>
              </value>
            </param>
          </params>
          <reporter-output>
          </reporter-output>
        </test-method> <!-- springTestContextBeforeTestMethod -->
        <test-method status="PASS" signature="springTestContextBeforeTestMethod(java.lang.reflect.Method)[pri:0, instance:com.smart.service.UserServiceTest@3dd4520b]" name="springTestContextBeforeTestMethod" is-config="true" duration-ms="475" started-at="2018-04-17T09:25:08Z" finished-at="2018-04-17T09:25:09Z">
          <params>
            <param index="0">
              <value>
                <![CDATA[public void com.smart.service.UserServiceTest.hasMatchUser()]]>
              </value>
            </param>
          </params>
          <reporter-output>
          </reporter-output>
        </test-method> <!-- springTestContextBeforeTestMethod -->
        <test-method status="PASS" signature="springTestContextBeforeTestMethod(java.lang.reflect.Method)[pri:0, instance:com.smart.service.UserServiceTest@3dd4520b]" name="springTestContextBeforeTestMethod" is-config="true" duration-ms="474" started-at="2018-04-17T09:25:08Z" finished-at="2018-04-17T09:25:09Z">
          <params>
            <param index="0">
              <value>
                <![CDATA[public void com.smart.service.UserServiceTest.testFindUserByUserName() throws java.lang.Exception]]>
              </value>
            </param>
          </params>
          <reporter-output>
          </reporter-output>
        </test-method> <!-- springTestContextBeforeTestMethod -->
        <test-method status="PASS" signature="hasMatchUser()[pri:0, instance:com.smart.service.UserServiceTest@3dd4520b]" name="hasMatchUser" duration-ms="101" started-at="2018-04-17T09:25:09Z" finished-at="2018-04-17T09:25:09Z">
          <reporter-output>
          </reporter-output>
        </test-method> <!-- hasMatchUser -->
        <test-method status="PASS" signature="testFindUserByUserName()[pri:0, instance:com.smart.service.UserServiceTest@3dd4520b]" name="testFindUserByUserName" duration-ms="341" started-at="2018-04-17T09:25:09Z" finished-at="2018-04-17T09:25:09Z">
          <reporter-output>
          </reporter-output>
        </test-method> <!-- testFindUserByUserName -->
        <test-method status="PASS" signature="testAddLoginLog()[pri:0, instance:com.smart.service.UserServiceTest@3dd4520b]" name="testAddLoginLog" duration-ms="257" started-at="2018-04-17T09:25:09Z" finished-at="2018-04-17T09:25:09Z">
          <reporter-output>
          </reporter-output>
        </test-method> <!-- testAddLoginLog -->
        <test-method status="PASS" signature="springTestContextAfterTestMethod(java.lang.reflect.Method)[pri:0, instance:com.smart.service.UserServiceTest@3dd4520b]" name="springTestContextAfterTestMethod" is-config="true" duration-ms="8" started-at="2018-04-17T09:25:09Z" finished-at="2018-04-17T09:25:09Z">
          <params>
            <param index="0">
              <value>
                <![CDATA[public void com.smart.service.UserServiceTest.hasMatchUser()]]>
              </value>
            </param>
          </params>
          <reporter-output>
          </reporter-output>
        </test-method> <!-- springTestContextAfterTestMethod -->
        <test-method status="PASS" signature="springTestContextAfterTestMethod(java.lang.reflect.Method)[pri:0, instance:com.smart.service.UserServiceTest@3dd4520b]" name="springTestContextAfterTestMethod" is-config="true" duration-ms="12" started-at="2018-04-17T09:25:09Z" finished-at="2018-04-17T09:25:09Z">
          <params>
            <param index="0">
              <value>
                <![CDATA[public void com.smart.service.UserServiceTest.testAddLoginLog()]]>
              </value>
            </param>
          </params>
          <reporter-output>
          </reporter-output>
        </test-method> <!-- springTestContextAfterTestMethod -->
        <test-method status="PASS" signature="springTestContextAfterTestMethod(java.lang.reflect.Method)[pri:0, instance:com.smart.service.UserServiceTest@3dd4520b]" name="springTestContextAfterTestMethod" is-config="true" duration-ms="7" started-at="2018-04-17T09:25:09Z" finished-at="2018-04-17T09:25:09Z">
          <params>
            <param index="0">
              <value>
                <![CDATA[public void com.smart.service.UserServiceTest.testFindUserByUserName() throws java.lang.Exception]]>
              </value>
            </param>
          </params>
          <reporter-output>
          </reporter-output>
        </test-method> <!-- springTestContextAfterTestMethod -->
        <test-method status="PASS" signature="springTestContextAfterTestClass()[pri:0, instance:com.smart.service.UserServiceTest@3dd4520b]" name="springTestContextAfterTestClass" is-config="true" duration-ms="1" started-at="2018-04-17T09:25:09Z" finished-at="2018-04-17T09:25:09Z">
          <reporter-output>
          </reporter-output>
        </test-method> <!-- springTestContextAfterTestClass -->
      </class> <!-- com.smart.service.UserServiceTest -->
    </test> <!-- Surefire test -->
  </suite> <!-- Surefire suite -->
</testng-results>
