<?xml version="1.0" encoding="UTF-8"?>
<testsuite name="Command line test" failures="1" tests="3" time="24.204" errors="0">
  <properties/>
  <testcase name="@BeforeMethod unitilsBeforeTestSetUp" time="0.0" classname="com.smart.dao.BoardDaoTest">
    <failure type="org.unitils.core.UnitilsException" message="Error inserting test data from DbUnit dataset for method public void com.smart.dao.BoardDaoTest.removeBoard()">
      <![CDATA[org.unitils.core.UnitilsException: Error inserting test data from DbUnit dataset for method public void com.smart.dao.BoardDaoTest.removeBoard()
	at org.unitils.dbunit.DbUnitModule.insertDataSet(DbUnitModule.java:190)
	at org.unitils.dbunit.DbUnitModule$DbUnitListener.beforeTestSetUp(DbUnitModule.java:791)
	at org.unitils.core.Unitils$UnitilsTestListener.beforeTestSetUp(Unitils.java:273)
	at org.unitils.UnitilsTestNG.unitilsBeforeTestSetUp(UnitilsTestNG.java:62)
	at org.apache.maven.surefire.testng.TestNGExecutor.run(TestNGExecutor.java:60)
	at org.apache.maven.surefire.testng.TestNGDirectoryTestSuite.executeMulti(TestNGDirectoryTestSuite.java:153)
	at org.apache.maven.surefire.testng.TestNGDirectoryTestSuite.execute(TestNGDirectoryTestSuite.java:99)
	at org.apache.maven.surefire.testng.TestNGProvider.invoke(TestNGProvider.java:111)
	at org.apache.maven.surefire.booter.ProviderFactory$ClassLoaderProxy.invoke(ProviderFactory.java:103)
	at com.sun.proxy.$Proxy0.invoke(Unknown Source)
	at org.apache.maven.surefire.booter.SurefireStarter.invokeProvider(SurefireStarter.java:150)
	at org.apache.maven.surefire.booter.SurefireStarter.runSuitesInProcess(SurefireStarter.java:91)
	at org.apache.maven.surefire.booter.ForkedBooter.main(ForkedBooter.java:69)
Caused by: org.unitils.core.UnitilsException: Could not load class with name com.smart.test.dataset.excel.MultiSchemaXlsDataSetFactory
	at org.unitils.util.ReflectionUtils.getClassWithName(ReflectionUtils.java:612)
	at org.unitils.util.ModuleUtils.getClassValueReplaceDefault(ModuleUtils.java:145)
	at org.unitils.dbunit.DbUnitModule.getDataSetFactory(DbUnitModule.java:712)
	at org.unitils.dbunit.DbUnitModule.getDataSet(DbUnitModule.java:441)
	at org.unitils.dbunit.DbUnitModule.insertDataSet(DbUnitModule.java:261)
	at org.unitils.dbunit.DbUnitModule.insertDataSet(DbUnitModule.java:187)
	... 38 more
Caused by: java.lang.ClassNotFoundException: com.smart.test.dataset.excel.MultiSchemaXlsDataSetFactory
	at java.net.URLClassLoader.findClass(URLClassLoader.java:381)
	at java.lang.ClassLoader.loadClass(ClassLoader.java:424)
	at sun.misc.Launcher$AppClassLoader.loadClass(Launcher.java:335)
	at java.lang.ClassLoader.loadClass(ClassLoader.java:357)
	at java.lang.Class.forName0(Native Method)
	at java.lang.Class.forName(Class.java:264)
	at org.unitils.util.ReflectionUtils.getClassWithName(ReflectionUtils.java:609)
	... 43 more
... Removed 26 stack frames]]>
    </failure>
  </testcase>
  <testcase name="@BeforeMethod unitilsBeforeTestSetUp" time="0.0" classname="com.smart.dao.BoardDaoTest">
    <skipped/>
  </testcase>
  <testcase name="addBoard" time="0.583" classname="com.smart.dao.BoardDaoTest">
    <failure type="java.lang.NullPointerException">
      <![CDATA[java.lang.NullPointerException
	at org.apache.poi.ss.usermodel.WorkbookFactory.create(WorkbookFactory.java:79)
	at org.dbunit.dataset.excel.XlsDataSet.<init>(XlsDataSet.java:79)
	at com.smart.dataset.util.XlsDataSetBeanFactory.createProps(XlsDataSetBeanFactory.java:52)
	at com.smart.dataset.util.XlsDataSetBeanFactory.createBeans(XlsDataSetBeanFactory.java:29)
	at com.smart.dao.BoardDaoTest.addBoard(BoardDaoTest.java:38)
	at org.unitils.UnitilsTestNG.run(UnitilsTestNG.java:103)
	at org.apache.maven.surefire.testng.TestNGExecutor.run(TestNGExecutor.java:60)
	at org.apache.maven.surefire.testng.TestNGDirectoryTestSuite.executeMulti(TestNGDirectoryTestSuite.java:153)
	at org.apache.maven.surefire.testng.TestNGDirectoryTestSuite.execute(TestNGDirectoryTestSuite.java:99)
	at org.apache.maven.surefire.testng.TestNGProvider.invoke(TestNGProvider.java:111)
	at org.apache.maven.surefire.booter.ProviderFactory$ClassLoaderProxy.invoke(ProviderFactory.java:103)
	at com.sun.proxy.$Proxy0.invoke(Unknown Source)
	at org.apache.maven.surefire.booter.SurefireStarter.invokeProvider(SurefireStarter.java:150)
	at org.apache.maven.surefire.booter.SurefireStarter.runSuitesInProcess(SurefireStarter.java:91)
	at org.apache.maven.surefire.booter.ForkedBooter.main(ForkedBooter.java:69)
... Removed 30 stack frames]]>
    </failure>
  </testcase>
  <testcase name="removeBoard" time="0.0" classname="com.smart.dao.BoardDaoTest">
    <skipped/>
  </testcase>
  <testcase name="getBoard" time="0.0" classname="com.smart.dao.BoardDaoTest">
    <skipped/>
  </testcase>
</testsuite>
