<?xml version="1.0" encoding="UTF-8" ?>
<testsuite tests="5" failures="2" name="TestSuite" time="25.08" errors="0" skipped="3">
  <properties>
[...]
</properties>
  <testcase classname="com.smart.dao.BoardDaoTest" name="addBoard" time="0.638">
    <failure type="java.lang.NullPointerException">java.lang.NullPointerException
	at org.apache.poi.ss.usermodel.WorkbookFactory.create(WorkbookFactory.java:79)
	at org.dbunit.dataset.excel.XlsDataSet.&lt;init&gt;(XlsDataSet.java:79)
	at com.smart.dataset.util.XlsDataSetBeanFactory.createProps(XlsDataSetBeanFactory.java:52)
	at com.smart.dataset.util.XlsDataSetBeanFactory.createBeans(XlsDataSetBeanFactory.java:29)
	at com.smart.dao.BoardDaoTest.addBoard(BoardDaoTest.java:38)
</failure>
    <system-out>@HL
@HL-------------------------------------------------------
@HL T E S T S
@HL-------------------------------------------------------
@SLRunning TestSuite
2018-05-03 14:46:33,850  INFO (org.unitils.core.ConfigurationLoader:145) - No local configuration file unitils-local.properties found.
2018-05-03 14:46:33,850  INFO (org.unitils.core.ConfigurationLoader:145) - No local configuration file unitils-local.properties found.
2018-05-03 14:46:34,150 DEBUG (org.jboss.logging:177) - Logging Provider: org.jboss.logging.Log4jLoggerProvider
2018-05-03 14:46:34,189 DEBUG (org.unitils.core.util.ConfigUtils:74) - Creating instance of interface org.unitils.database.transaction.UnitilsTransactionManager. Implementation class org.unitils.database.transaction.impl.DefaultUnitilsTransactionManager
2018-05-03 14:46:34,189 DEBUG (org.unitils.core.util.ConfigUtils:74) - Creating instance of interface org.unitils.database.transaction.UnitilsTransactionManager. Implementation class org.unitils.database.transaction.impl.DefaultUnitilsTransactionManager
2018-05-03 14:46:34,202 DEBUG (org.unitils.core.util.ConfigUtils:74) - Creating instance of interface org.unitils.database.config.DataSourceFactory. Implementation class org.unitils.database.config.PropertiesDataSourceFactory
2018-05-03 14:46:34,202 DEBUG (org.unitils.core.util.ConfigUtils:74) - Creating instance of interface org.unitils.database.config.DataSourceFactory. Implementation class org.unitils.database.config.PropertiesDataSourceFactory
2018-05-03 14:46:34,219 DEBUG (org.unitils.core.util.ConfigUtils:74) - Creating instance of interface org.unitils.database.config.DataSourceFactory. Implementation class org.unitils.database.config.PropertiesDataSourceFactory
2018-05-03 14:46:34,219 DEBUG (org.unitils.core.util.ConfigUtils:74) - Creating instance of interface org.unitils.database.config.DataSourceFactory. Implementation class org.unitils.database.config.PropertiesDataSourceFactory
2018-05-03 14:46:34,221  INFO (org.unitils.database.config.PropertiesDataSourceFactory:70) - Creating data source. Driver: com.mysql.jdbc.Driver, url: jdbc:mysql://localhost:3306/sampledb?useUnicode=true&amp;characterEncoding=UTF-8, user: root, password: &lt;not shown&gt;
2018-05-03 14:46:34,221  INFO (org.unitils.database.config.PropertiesDataSourceFactory:70) - Creating data source. Driver: com.mysql.jdbc.Driver, url: jdbc:mysql://localhost:3306/sampledb?useUnicode=true&amp;characterEncoding=UTF-8, user: root, password: &lt;not shown&gt;
2018-05-03 14:46:34,260  INFO (org.unitils.database.DataSourceWrapper:141) - Checking if database has to be updated.
2018-05-03 14:46:34,260  INFO (org.unitils.database.DataSourceWrapper:141) - Checking if database has to be updated.
2018-05-03 14:46:34,268 DEBUG (org.unitils.core.util.ConfigUtils:74) - Creating instance of interface org.unitils.dbmaintainer.script.ScriptRunner. Implementation class org.unitils.dbmaintainer.script.impl.DefaultScriptRunner
2018-05-03 14:46:34,268 DEBUG (org.unitils.core.util.ConfigUtils:74) - Creating instance of interface org.unitils.dbmaintainer.script.ScriptRunner. Implementation class org.unitils.dbmaintainer.script.impl.DefaultScriptRunner
2018-05-03 14:46:34,273 DEBUG (org.unitils.core.util.ConfigUtils:74) - Creating instance of class org.unitils.core.dbsupport.DbSupport. Implementation class org.unitils.core.dbsupport.MySqlDbSupport
2018-05-03 14:46:34,273 DEBUG (org.unitils.core.util.ConfigUtils:74) - Creating instance of class org.unitils.core.dbsupport.DbSupport. Implementation class org.unitils.core.dbsupport.MySqlDbSupport
2018-05-03 14:46:34,771 DEBUG (org.unitils.core.util.ConfigUtils:74) - Creating instance of interface org.unitils.dbmaintainer.version.ExecutedScriptInfoSource. Implementation class org.unitils.dbmaintainer.version.impl.DefaultExecutedScriptInfoSource
2018-05-03 14:46:34,771 DEBUG (org.unitils.core.util.ConfigUtils:74) - Creating instance of interface org.unitils.dbmaintainer.version.ExecutedScriptInfoSource. Implementation class org.unitils.dbmaintainer.version.impl.DefaultExecutedScriptInfoSource
2018-05-03 14:46:34,776 DEBUG (org.unitils.core.util.ConfigUtils:74) - Creating instance of interface org.unitils.dbmaintainer.script.ScriptSource. Implementation class org.unitils.dbmaintainer.script.impl.DefaultScriptSource
2018-05-03 14:46:34,776 DEBUG (org.unitils.core.util.ConfigUtils:74) - Creating instance of interface org.unitils.dbmaintainer.script.ScriptSource. Implementation class org.unitils.dbmaintainer.script.impl.DefaultScriptSource
2018-05-03 14:46:34,823 DEBUG (org.unitils.core.util.ConfigUtils:74) - Creating instance of interface org.unitils.dbmaintainer.clean.DBCleaner. Implementation class org.unitils.dbmaintainer.clean.impl.DefaultDBCleaner
2018-05-03 14:46:34,823 DEBUG (org.unitils.core.util.ConfigUtils:74) - Creating instance of interface org.unitils.dbmaintainer.clean.DBCleaner. Implementation class org.unitils.dbmaintainer.clean.impl.DefaultDBCleaner
2018-05-03 14:46:34,825 DEBUG (org.unitils.core.util.ConfigUtils:74) - Creating instance of interface org.unitils.dbmaintainer.clean.DBClearer. Implementation class org.unitils.dbmaintainer.clean.impl.DefaultDBClearer
2018-05-03 14:46:34,825 DEBUG (org.unitils.core.util.ConfigUtils:74) - Creating instance of interface org.unitils.dbmaintainer.clean.DBClearer. Implementation class org.unitils.dbmaintainer.clean.impl.DefaultDBClearer
2018-05-03 14:46:34,828 DEBUG (org.unitils.core.util.ConfigUtils:74) - Creating instance of interface org.unitils.dbmaintainer.structure.ConstraintsDisabler. Implementation class org.unitils.dbmaintainer.structure.impl.DefaultConstraintsDisabler
2018-05-03 14:46:34,828 DEBUG (org.unitils.core.util.ConfigUtils:74) - Creating instance of interface org.unitils.dbmaintainer.structure.ConstraintsDisabler. Implementation class org.unitils.dbmaintainer.structure.impl.DefaultConstraintsDisabler
2018-05-03 14:46:34,830 DEBUG (org.unitils.core.util.ConfigUtils:74) - Creating instance of interface org.unitils.dbmaintainer.structure.SequenceUpdater. Implementation class org.unitils.dbmaintainer.structure.impl.DefaultSequenceUpdater
2018-05-03 14:46:34,830 DEBUG (org.unitils.core.util.ConfigUtils:74) - Creating instance of interface org.unitils.dbmaintainer.structure.SequenceUpdater. Implementation class org.unitils.dbmaintainer.structure.impl.DefaultSequenceUpdater
2018-05-03 14:46:34,832 DEBUG (org.unitils.core.util.ConfigUtils:74) - Creating instance of interface org.unitils.dbmaintainer.structure.DataSetStructureGenerator. Implementation class org.unitils.dbmaintainer.structure.impl.XsdDataSetStructureGenerator
2018-05-03 14:46:34,832 DEBUG (org.unitils.core.util.ConfigUtils:74) - Creating instance of interface org.unitils.dbmaintainer.structure.DataSetStructureGenerator. Implementation class org.unitils.dbmaintainer.structure.impl.XsdDataSetStructureGenerator
2018-05-03 14:46:34,842 DEBUG (org.unitils.core.dbsupport.DefaultSQLHandler:214) - select table_name from information_schema.tables where table_schema = &apos;sampledb&apos; and table_type = &apos;BASE TABLE&apos;
2018-05-03 14:46:34,842 DEBUG (org.unitils.core.dbsupport.DefaultSQLHandler:214) - select table_name from information_schema.tables where table_schema = &apos;sampledb&apos; and table_type = &apos;BASE TABLE&apos;
2018-05-03 14:46:34,856 DEBUG (org.unitils.core.dbsupport.DefaultSQLHandler:214) - select table_name from information_schema.tables where table_schema = &apos;sampledb&apos; and table_type = &apos;BASE TABLE&apos;
2018-05-03 14:46:34,856 DEBUG (org.unitils.core.dbsupport.DefaultSQLHandler:214) - select table_name from information_schema.tables where table_schema = &apos;sampledb&apos; and table_type = &apos;BASE TABLE&apos;
2018-05-03 14:46:34,860  WARN (org.unitils.dbmaintainer.version.impl.DefaultExecutedScriptInfoSource:372) - Executed scripts table `sampledb`.`dbmaintain_scripts` doesn&apos;t exist yet or is invalid. A new one is created automatically.
2018-05-03 14:46:34,860  WARN (org.unitils.dbmaintainer.version.impl.DefaultExecutedScriptInfoSource:372) - Executed scripts table `sampledb`.`dbmaintain_scripts` doesn&apos;t exist yet or is invalid. A new one is created automatically.
2018-05-03 14:46:34,861 DEBUG (org.unitils.core.dbsupport.DefaultSQLHandler:80) - drop table `sampledb`.`dbmaintain_scripts` cascade
2018-05-03 14:46:34,861 DEBUG (org.unitils.core.dbsupport.DefaultSQLHandler:80) - drop table `sampledb`.`dbmaintain_scripts` cascade
2018-05-03 14:46:34,863 DEBUG (org.unitils.core.dbsupport.DefaultSQLHandler:131) - create table `sampledb`.`dbmaintain_scripts` ( file_name VARCHAR(150), version VARCHAR(25), file_last_modified_at BIGINT, checksum VARCHAR(50), executed_at VARCHAR(20), succeeded BIGINT )
2018-05-03 14:46:34,863 DEBUG (org.unitils.core.dbsupport.DefaultSQLHandler:131) - create table `sampledb`.`dbmaintain_scripts` ( file_name VARCHAR(150), version VARCHAR(25), file_last_modified_at BIGINT, checksum VARCHAR(50), executed_at VARCHAR(20), succeeded BIGINT )
2018-05-03 14:46:34,952  INFO (org.unitils.dbmaintainer.structure.impl.DefaultConstraintsDisabler:44) - Disabling constraints in database schema sampledb
2018-05-03 14:46:34,952  INFO (org.unitils.dbmaintainer.structure.impl.DefaultConstraintsDisabler:44) - Disabling constraints in database schema sampledb
2018-05-03 14:46:34,952 DEBUG (org.unitils.core.dbsupport.DefaultSQLHandler:214) - select table_name from information_schema.tables where table_schema = &apos;sampledb&apos; and table_type = &apos;BASE TABLE&apos;
2018-05-03 14:46:34,952 DEBUG (org.unitils.core.dbsupport.DefaultSQLHandler:214) - select table_name from information_schema.tables where table_schema = &apos;sampledb&apos; and table_type = &apos;BASE TABLE&apos;
2018-05-03 14:46:34,954 DEBUG (org.unitils.core.dbsupport.DefaultSQLHandler:214) - select constraint_name from information_schema.table_constraints where constraint_type = &apos;FOREIGN KEY&apos; AND table_name = &apos;t_board_manager&apos; and constraint_schema = &apos;sampledb&apos;
2018-05-03 14:46:34,954 DEBUG (org.unitils.core.dbsupport.DefaultSQLHandler:214) - select constraint_name from information_schema.table_constraints where constraint_type = &apos;FOREIGN KEY&apos; AND table_name = &apos;t_board_manager&apos; and constraint_schema = &apos;sampledb&apos;
2018-05-03 14:46:34,958 DEBUG (org.unitils.core.dbsupport.DefaultSQLHandler:214) - select constraint_name from information_schema.table_constraints where constraint_type = &apos;FOREIGN KEY&apos; AND table_name = &apos;t_topic&apos; and constraint_schema = &apos;sampledb&apos;
2018-05-03 14:46:34,958 DEBUG (org.unitils.core.dbsupport.DefaultSQLHandler:214) - select constraint_name from information_schema.table_constraints where constraint_type = &apos;FOREIGN KEY&apos; AND table_name = &apos;t_topic&apos; and constraint_schema = &apos;sampledb&apos;
2018-05-03 14:46:34,961 DEBUG (org.unitils.core.dbsupport.DefaultSQLHandler:214) - select constraint_name from information_schema.table_constraints where constraint_type = &apos;FOREIGN KEY&apos; AND table_name = &apos;t_board&apos; and constraint_schema = &apos;sampledb&apos;
2018-05-03 14:46:34,961 DEBUG (org.unitils.core.dbsupport.DefaultSQLHandler:214) - select constraint_name from information_schema.table_constraints where constraint_type = &apos;FOREIGN KEY&apos; AND table_name = &apos;t_board&apos; and constraint_schema = &apos;sampledb&apos;
2018-05-03 14:46:34,964 DEBUG (org.unitils.core.dbsupport.DefaultSQLHandler:214) - select constraint_name from information_schema.table_constraints where constraint_type = &apos;FOREIGN KEY&apos; AND table_name = &apos;t_user&apos; and constraint_schema = &apos;sampledb&apos;
2018-05-03 14:46:34,964 DEBUG (org.unitils.core.dbsupport.DefaultSQLHandler:214) - select constraint_name from information_schema.table_constraints where constraint_type = &apos;FOREIGN KEY&apos; AND table_name = &apos;t_user&apos; and constraint_schema = &apos;sampledb&apos;
2018-05-03 14:46:34,968 DEBUG (org.unitils.core.dbsupport.DefaultSQLHandler:214) - select constraint_name from information_schema.table_constraints where constraint_type = &apos;FOREIGN KEY&apos; AND table_name = &apos;dbmaintain_scripts&apos; and constraint_schema = &apos;sampledb&apos;
2018-05-03 14:46:34,968 DEBUG (org.unitils.core.dbsupport.DefaultSQLHandler:214) - select constraint_name from information_schema.table_constraints where constraint_type = &apos;FOREIGN KEY&apos; AND table_name = &apos;dbmaintain_scripts&apos; and constraint_schema = &apos;sampledb&apos;
2018-05-03 14:46:34,970 DEBUG (org.unitils.core.dbsupport.DefaultSQLHandler:214) - select constraint_name from information_schema.table_constraints where constraint_type = &apos;FOREIGN KEY&apos; AND table_name = &apos;t_post&apos; and constraint_schema = &apos;sampledb&apos;
2018-05-03 14:46:34,970 DEBUG (org.unitils.core.dbsupport.DefaultSQLHandler:214) - select constraint_name from information_schema.table_constraints where constraint_type = &apos;FOREIGN KEY&apos; AND table_name = &apos;t_post&apos; and constraint_schema = &apos;sampledb&apos;
2018-05-03 14:46:34,974 DEBUG (org.unitils.core.dbsupport.DefaultSQLHandler:214) - select constraint_name from information_schema.table_constraints where constraint_type = &apos;FOREIGN KEY&apos; AND table_name = &apos;t_login_log&apos; and constraint_schema = &apos;sampledb&apos;
2018-05-03 14:46:34,974 DEBUG (org.unitils.core.dbsupport.DefaultSQLHandler:214) - select constraint_name from information_schema.table_constraints where constraint_type = &apos;FOREIGN KEY&apos; AND table_name = &apos;t_login_log&apos; and constraint_schema = &apos;sampledb&apos;
2018-05-03 14:46:34,977 DEBUG (org.unitils.core.dbsupport.DefaultSQLHandler:214) - select table_name from information_schema.tables where table_schema = &apos;sampledb&apos; and table_type = &apos;BASE TABLE&apos;
2018-05-03 14:46:34,977 DEBUG (org.unitils.core.dbsupport.DefaultSQLHandler:214) - select table_name from information_schema.tables where table_schema = &apos;sampledb&apos; and table_type = &apos;BASE TABLE&apos;
2018-05-03 14:46:34,979 DEBUG (org.unitils.core.dbsupport.DefaultSQLHandler:214) - select constraint_name from information_schema.table_constraints where constraint_type in (&apos;UNIQUE&apos;) AND table_name = &apos;t_board_manager&apos; and constraint_schema = &apos;sampledb&apos;
2018-05-03 14:46:34,979 DEBUG (org.unitils.core.dbsupport.DefaultSQLHandler:214) - select constraint_name from information_schema.table_constraints where constraint_type in (&apos;UNIQUE&apos;) AND table_name = &apos;t_board_manager&apos; and constraint_schema = &apos;sampledb&apos;
2018-05-03 14:46:34,981 DEBUG (org.unitils.core.dbsupport.DefaultSQLHandler:214) - select column_name from information_schema.columns where is_nullable = &apos;NO&apos; and column_key &lt;&gt; &apos;PRI&apos; and table_name = &apos;t_board_manager&apos; and table_schema = &apos;sampledb&apos;
2018-05-03 14:46:34,981 DEBUG (org.unitils.core.dbsupport.DefaultSQLHandler:214) - select column_name from information_schema.columns where is_nullable = &apos;NO&apos; and column_key &lt;&gt; &apos;PRI&apos; and table_name = &apos;t_board_manager&apos; and table_schema = &apos;sampledb&apos;
2018-05-03 14:46:34,983 DEBUG (org.unitils.core.dbsupport.DefaultSQLHandler:214) - select constraint_name from information_schema.table_constraints where constraint_type in (&apos;UNIQUE&apos;) AND table_name = &apos;t_topic&apos; and constraint_schema = &apos;sampledb&apos;
2018-05-03 14:46:34,983 DEBUG (org.unitils.core.dbsupport.DefaultSQLHandler:214) - select constraint_name from information_schema.table_constraints where constraint_type in (&apos;UNIQUE&apos;) AND table_name = &apos;t_topic&apos; and constraint_schema = &apos;sampledb&apos;
2018-05-03 14:46:34,986 DEBUG (org.unitils.core.dbsupport.DefaultSQLHandler:214) - select column_name from information_schema.columns where is_nullable = &apos;NO&apos; and column_key &lt;&gt; &apos;PRI&apos; and table_name = &apos;t_topic&apos; and table_schema = &apos;sampledb&apos;
2018-05-03 14:46:34,986 DEBUG (org.unitils.core.dbsupport.DefaultSQLHandler:214) - select column_name from information_schema.columns where is_nullable = &apos;NO&apos; and column_key &lt;&gt; &apos;PRI&apos; and table_name = &apos;t_topic&apos; and table_schema = &apos;sampledb&apos;
2018-05-03 14:46:34,989 DEBUG (org.unitils.core.dbsupport.DefaultSQLHandler:187) - select column_type from information_schema.columns where table_schema = &apos;sampledb&apos; and table_name = &apos;t_topic&apos; and column_name = &apos;create_time&apos;
2018-05-03 14:46:34,989 DEBUG (org.unitils.core.dbsupport.DefaultSQLHandler:187) - select column_type from information_schema.columns where table_schema = &apos;sampledb&apos; and table_name = &apos;t_topic&apos; and column_name = &apos;create_time&apos;
2018-05-03 14:46:34,992 DEBUG (org.unitils.core.dbsupport.DefaultSQLHandler:80) - alter table `sampledb`.`t_topic` change column `create_time` `create_time` date NULL 
2018-05-03 14:46:34,992 DEBUG (org.unitils.core.dbsupport.DefaultSQLHandler:80) - alter table `sampledb`.`t_topic` change column `create_time` `create_time` date NULL 
2018-05-03 14:46:35,169 DEBUG (org.unitils.core.dbsupport.DefaultSQLHandler:187) - select column_type from information_schema.columns where table_schema = &apos;sampledb&apos; and table_name = &apos;t_topic&apos; and column_name = &apos;topic_views&apos;
2018-05-03 14:46:35,169 DEBUG (org.unitils.core.dbsupport.DefaultSQLHandler:187) - select column_type from information_schema.columns where table_schema = &apos;sampledb&apos; and table_name = &apos;t_topic&apos; and column_name = &apos;topic_views&apos;
2018-05-03 14:46:35,170 DEBUG (org.unitils.core.dbsupport.DefaultSQLHandler:80) - alter table `sampledb`.`t_topic` change column `topic_views` `topic_views` int(11) NULL 
2018-05-03 14:46:35,170 DEBUG (org.unitils.core.dbsupport.DefaultSQLHandler:80) - alter table `sampledb`.`t_topic` change column `topic_views` `topic_views` int(11) NULL 
2018-05-03 14:46:35,309 DEBUG (org.unitils.core.dbsupport.DefaultSQLHandler:187) - select column_type from information_schema.columns where table_schema = &apos;sampledb&apos; and table_name = &apos;t_topic&apos; and column_name = &apos;user_id&apos;
2018-05-03 14:46:35,309 DEBUG (org.unitils.core.dbsupport.DefaultSQLHandler:187) - select column_type from information_schema.columns where table_schema = &apos;sampledb&apos; and table_name = &apos;t_topic&apos; and column_name = &apos;user_id&apos;
2018-05-03 14:46:35,311 DEBUG (org.unitils.core.dbsupport.DefaultSQLHandler:80) - alter table `sampledb`.`t_topic` change column `user_id` `user_id` int(11) NULL 
2018-05-03 14:46:35,311 DEBUG (org.unitils.core.dbsupport.DefaultSQLHandler:80) - alter table `sampledb`.`t_topic` change column `user_id` `user_id` int(11) NULL 
2018-05-03 14:46:35,448 DEBUG (org.unitils.core.dbsupport.DefaultSQLHandler:187) - select column_type from information_schema.columns where table_schema = &apos;sampledb&apos; and table_name = &apos;t_topic&apos; and column_name = &apos;board_id&apos;
2018-05-03 14:46:35,448 DEBUG (org.unitils.core.dbsupport.DefaultSQLHandler:187) - select column_type from information_schema.columns where table_schema = &apos;sampledb&apos; and table_name = &apos;t_topic&apos; and column_name = &apos;board_id&apos;
2018-05-03 14:46:35,449 DEBUG (org.unitils.core.dbsupport.DefaultSQLHandler:80) - alter table `sampledb`.`t_topic` change column `board_id` `board_id` int(11) NULL 
2018-05-03 14:46:35,449 DEBUG (org.unitils.core.dbsupport.DefaultSQLHandler:80) - alter table `sampledb`.`t_topic` change column `board_id` `board_id` int(11) NULL 
2018-05-03 14:46:35,613 DEBUG (org.unitils.core.dbsupport.DefaultSQLHandler:187) - select column_type from information_schema.columns where table_schema = &apos;sampledb&apos; and table_name = &apos;t_topic&apos; and column_name = &apos;topic_title&apos;
2018-05-03 14:46:35,613 DEBUG (org.unitils.core.dbsupport.DefaultSQLHandler:187) - select column_type from information_schema.columns where table_schema = &apos;sampledb&apos; and table_name = &apos;t_topic&apos; and column_name = &apos;topic_title&apos;
2018-05-03 14:46:35,614 DEBUG (org.unitils.core.dbsupport.DefaultSQLHandler:80) - alter table `sampledb`.`t_topic` change column `topic_title` `topic_title` varchar(100) NULL 
2018-05-03 14:46:35,614 DEBUG (org.unitils.core.dbsupport.DefaultSQLHandler:80) - alter table `sampledb`.`t_topic` change column `topic_title` `topic_title` varchar(100) NULL 
2018-05-03 14:46:35,749 DEBUG (org.unitils.core.dbsupport.DefaultSQLHandler:187) - select column_type from information_schema.columns where table_schema = &apos;sampledb&apos; and table_name = &apos;t_topic&apos; and column_name = &apos;last_post&apos;
2018-05-03 14:46:35,749 DEBUG (org.unitils.core.dbsupport.DefaultSQLHandler:187) - select column_type from information_schema.columns where table_schema = &apos;sampledb&apos; and table_name = &apos;t_topic&apos; and column_name = &apos;last_post&apos;
2018-05-03 14:46:35,750 DEBUG (org.unitils.core.dbsupport.DefaultSQLHandler:80) - alter table `sampledb`.`t_topic` change column `last_post` `last_post` date NULL 
2018-05-03 14:46:35,750 DEBUG (org.unitils.core.dbsupport.DefaultSQLHandler:80) - alter table `sampledb`.`t_topic` change column `last_post` `last_post` date NULL 
2018-05-03 14:46:36,028 DEBUG (org.unitils.core.dbsupport.DefaultSQLHandler:187) - select column_type from information_schema.columns where table_schema = &apos;sampledb&apos; and table_name = &apos;t_topic&apos; and column_name = &apos;digest&apos;
2018-05-03 14:46:36,028 DEBUG (org.unitils.core.dbsupport.DefaultSQLHandler:187) - select column_type from information_schema.columns where table_schema = &apos;sampledb&apos; and table_name = &apos;t_topic&apos; and column_name = &apos;digest&apos;
2018-05-03 14:46:36,031 DEBUG (org.unitils.core.dbsupport.DefaultSQLHandler:80) - alter table `sampledb`.`t_topic` change column `digest` `digest` int(11) NULL 
2018-05-03 14:46:36,031 DEBUG (org.unitils.core.dbsupport.DefaultSQLHandler:80) - alter table `sampledb`.`t_topic` change column `digest` `digest` int(11) NULL 
2018-05-03 14:46:36,253 DEBUG (org.unitils.core.dbsupport.DefaultSQLHandler:187) - select column_type from information_schema.columns where table_schema = &apos;sampledb&apos; and table_name = &apos;t_topic&apos; and column_name = &apos;topic_replies&apos;
2018-05-03 14:46:36,253 DEBUG (org.unitils.core.dbsupport.DefaultSQLHandler:187) - select column_type from information_schema.columns where table_schema = &apos;sampledb&apos; and table_name = &apos;t_topic&apos; and column_name = &apos;topic_replies&apos;
2018-05-03 14:46:36,256 DEBUG (org.unitils.core.dbsupport.DefaultSQLHandler:80) - alter table `sampledb`.`t_topic` change column `topic_replies` `topic_replies` int(11) NULL 
2018-05-03 14:46:36,256 DEBUG (org.unitils.core.dbsupport.DefaultSQLHandler:80) - alter table `sampledb`.`t_topic` change column `topic_replies` `topic_replies` int(11) NULL 
2018-05-03 14:46:36,534 DEBUG (org.unitils.core.dbsupport.DefaultSQLHandler:214) - select constraint_name from information_schema.table_constraints where constraint_type in (&apos;UNIQUE&apos;) AND table_name = &apos;t_board&apos; and constraint_schema = &apos;sampledb&apos;
2018-05-03 14:46:36,534 DEBUG (org.unitils.core.dbsupport.DefaultSQLHandler:214) - select constraint_name from information_schema.table_constraints where constraint_type in (&apos;UNIQUE&apos;) AND table_name = &apos;t_board&apos; and constraint_schema = &apos;sampledb&apos;
2018-05-03 14:46:36,537 DEBUG (org.unitils.core.dbsupport.DefaultSQLHandler:214) - select column_name from information_schema.columns where is_nullable = &apos;NO&apos; and column_key &lt;&gt; &apos;PRI&apos; and table_name = &apos;t_board&apos; and table_schema = &apos;sampledb&apos;
2018-05-03 14:46:36,537 DEBUG (org.unitils.core.dbsupport.DefaultSQLHandler:214) - select column_name from information_schema.columns where is_nullable = &apos;NO&apos; and column_key &lt;&gt; &apos;PRI&apos; and table_name = &apos;t_board&apos; and table_schema = &apos;sampledb&apos;
2018-05-03 14:46:36,540 DEBUG (org.unitils.core.dbsupport.DefaultSQLHandler:187) - select column_type from information_schema.columns where table_schema = &apos;sampledb&apos; and table_name = &apos;t_board&apos; and column_name = &apos;board_name&apos;
2018-05-03 14:46:36,540 DEBUG (org.unitils.core.dbsupport.DefaultSQLHandler:187) - select column_type from information_schema.columns where table_schema = &apos;sampledb&apos; and table_name = &apos;t_board&apos; and column_name = &apos;board_name&apos;
2018-05-03 14:46:36,542 DEBUG (org.unitils.core.dbsupport.DefaultSQLHandler:80) - alter table `sampledb`.`t_board` change column `board_name` `board_name` varchar(150) NULL 
2018-05-03 14:46:36,542 DEBUG (org.unitils.core.dbsupport.DefaultSQLHandler:80) - alter table `sampledb`.`t_board` change column `board_name` `board_name` varchar(150) NULL 
2018-05-03 14:46:36,826 DEBUG (org.unitils.core.dbsupport.DefaultSQLHandler:187) - select column_type from information_schema.columns where table_schema = &apos;sampledb&apos; and table_name = &apos;t_board&apos; and column_name = &apos;topic_num&apos;
2018-05-03 14:46:36,826 DEBUG (org.unitils.core.dbsupport.DefaultSQLHandler:187) - select column_type from information_schema.columns where table_schema = &apos;sampledb&apos; and table_name = &apos;t_board&apos; and column_name = &apos;topic_num&apos;
2018-05-03 14:46:36,828 DEBUG (org.unitils.core.dbsupport.DefaultSQLHandler:80) - alter table `sampledb`.`t_board` change column `topic_num` `topic_num` int(11) NULL 
2018-05-03 14:46:36,828 DEBUG (org.unitils.core.dbsupport.DefaultSQLHandler:80) - alter table `sampledb`.`t_board` change column `topic_num` `topic_num` int(11) NULL 
2018-05-03 14:46:37,068 DEBUG (org.unitils.core.dbsupport.DefaultSQLHandler:214) - select constraint_name from information_schema.table_constraints where constraint_type in (&apos;UNIQUE&apos;) AND table_name = &apos;t_user&apos; and constraint_schema = &apos;sampledb&apos;
2018-05-03 14:46:37,068 DEBUG (org.unitils.core.dbsupport.DefaultSQLHandler:214) - select constraint_name from information_schema.table_constraints where constraint_type in (&apos;UNIQUE&apos;) AND table_name = &apos;t_user&apos; and constraint_schema = &apos;sampledb&apos;
2018-05-03 14:46:37,076 DEBUG (org.unitils.core.dbsupport.DefaultSQLHandler:214) - select column_name from information_schema.columns where is_nullable = &apos;NO&apos; and column_key &lt;&gt; &apos;PRI&apos; and table_name = &apos;t_user&apos; and table_schema = &apos;sampledb&apos;
2018-05-03 14:46:37,076 DEBUG (org.unitils.core.dbsupport.DefaultSQLHandler:214) - select column_name from information_schema.columns where is_nullable = &apos;NO&apos; and column_key &lt;&gt; &apos;PRI&apos; and table_name = &apos;t_user&apos; and table_schema = &apos;sampledb&apos;
2018-05-03 14:46:37,079 DEBUG (org.unitils.core.dbsupport.DefaultSQLHandler:187) - select column_type from information_schema.columns where table_schema = &apos;sampledb&apos; and table_name = &apos;t_user&apos; and column_name = &apos;password&apos;
2018-05-03 14:46:37,079 DEBUG (org.unitils.core.dbsupport.DefaultSQLHandler:187) - select column_type from information_schema.columns where table_schema = &apos;sampledb&apos; and table_name = &apos;t_user&apos; and column_name = &apos;password&apos;
2018-05-03 14:46:37,083 DEBUG (org.unitils.core.dbsupport.DefaultSQLHandler:80) - alter table `sampledb`.`t_user` change column `password` `password` varchar(30) NULL 
2018-05-03 14:46:37,083 DEBUG (org.unitils.core.dbsupport.DefaultSQLHandler:80) - alter table `sampledb`.`t_user` change column `password` `password` varchar(30) NULL 
2018-05-03 14:46:37,347 DEBUG (org.unitils.core.dbsupport.DefaultSQLHandler:187) - select column_type from information_schema.columns where table_schema = &apos;sampledb&apos; and table_name = &apos;t_user&apos; and column_name = &apos;user_type&apos;
2018-05-03 14:46:37,347 DEBUG (org.unitils.core.dbsupport.DefaultSQLHandler:187) - select column_type from information_schema.columns where table_schema = &apos;sampledb&apos; and table_name = &apos;t_user&apos; and column_name = &apos;user_type&apos;
2018-05-03 14:46:37,350 DEBUG (org.unitils.core.dbsupport.DefaultSQLHandler:80) - alter table `sampledb`.`t_user` change column `user_type` `user_type` tinyint(4) NULL 
2018-05-03 14:46:37,350 DEBUG (org.unitils.core.dbsupport.DefaultSQLHandler:80) - alter table `sampledb`.`t_user` change column `user_type` `user_type` tinyint(4) NULL 
2018-05-03 14:46:37,685 DEBUG (org.unitils.core.dbsupport.DefaultSQLHandler:187) - select column_type from information_schema.columns where table_schema = &apos;sampledb&apos; and table_name = &apos;t_user&apos; and column_name = &apos;user_name&apos;
2018-05-03 14:46:37,685 DEBUG (org.unitils.core.dbsupport.DefaultSQLHandler:187) - select column_type from information_schema.columns where table_schema = &apos;sampledb&apos; and table_name = &apos;t_user&apos; and column_name = &apos;user_name&apos;
2018-05-03 14:46:37,686 DEBUG (org.unitils.core.dbsupport.DefaultSQLHandler:80) - alter table `sampledb`.`t_user` change column `user_name` `user_name` varchar(30) NULL 
2018-05-03 14:46:37,686 DEBUG (org.unitils.core.dbsupport.DefaultSQLHandler:80) - alter table `sampledb`.`t_user` change column `user_name` `user_name` varchar(30) NULL 
2018-05-03 14:46:37,826 DEBUG (org.unitils.core.dbsupport.DefaultSQLHandler:187) - select column_type from information_schema.columns where table_schema = &apos;sampledb&apos; and table_name = &apos;t_user&apos; and column_name = &apos;locked&apos;
2018-05-03 14:46:37,826 DEBUG (org.unitils.core.dbsupport.DefaultSQLHandler:187) - select column_type from information_schema.columns where table_schema = &apos;sampledb&apos; and table_name = &apos;t_user&apos; and column_name = &apos;locked&apos;
2018-05-03 14:46:37,827 DEBUG (org.unitils.core.dbsupport.DefaultSQLHandler:80) - alter table `sampledb`.`t_user` change column `locked` `locked` tinyint(4) NULL 
2018-05-03 14:46:37,827 DEBUG (org.unitils.core.dbsupport.DefaultSQLHandler:80) - alter table `sampledb`.`t_user` change column `locked` `locked` tinyint(4) NULL 
2018-05-03 14:46:38,056 DEBUG (org.unitils.core.dbsupport.DefaultSQLHandler:214) - select constraint_name from information_schema.table_constraints where constraint_type in (&apos;UNIQUE&apos;) AND table_name = &apos;dbmaintain_scripts&apos; and constraint_schema = &apos;sampledb&apos;
2018-05-03 14:46:38,056 DEBUG (org.unitils.core.dbsupport.DefaultSQLHandler:214) - select constraint_name from information_schema.table_constraints where constraint_type in (&apos;UNIQUE&apos;) AND table_name = &apos;dbmaintain_scripts&apos; and constraint_schema = &apos;sampledb&apos;
2018-05-03 14:46:38,060 DEBUG (org.unitils.core.dbsupport.DefaultSQLHandler:214) - select column_name from information_schema.columns where is_nullable = &apos;NO&apos; and column_key &lt;&gt; &apos;PRI&apos; and table_name = &apos;dbmaintain_scripts&apos; and table_schema = &apos;sampledb&apos;
2018-05-03 14:46:38,060 DEBUG (org.unitils.core.dbsupport.DefaultSQLHandler:214) - select column_name from information_schema.columns where is_nullable = &apos;NO&apos; and column_key &lt;&gt; &apos;PRI&apos; and table_name = &apos;dbmaintain_scripts&apos; and table_schema = &apos;sampledb&apos;
2018-05-03 14:46:38,063 DEBUG (org.unitils.core.dbsupport.DefaultSQLHandler:214) - select constraint_name from information_schema.table_constraints where constraint_type in (&apos;UNIQUE&apos;) AND table_name = &apos;t_post&apos; and constraint_schema = &apos;sampledb&apos;
2018-05-03 14:46:38,063 DEBUG (org.unitils.core.dbsupport.DefaultSQLHandler:214) - select constraint_name from information_schema.table_constraints where constraint_type in (&apos;UNIQUE&apos;) AND table_name = &apos;t_post&apos; and constraint_schema = &apos;sampledb&apos;
2018-05-03 14:46:38,067 DEBUG (org.unitils.core.dbsupport.DefaultSQLHandler:214) - select column_name from information_schema.columns where is_nullable = &apos;NO&apos; and column_key &lt;&gt; &apos;PRI&apos; and table_name = &apos;t_post&apos; and table_schema = &apos;sampledb&apos;
2018-05-03 14:46:38,067 DEBUG (org.unitils.core.dbsupport.DefaultSQLHandler:214) - select column_name from information_schema.columns where is_nullable = &apos;NO&apos; and column_key &lt;&gt; &apos;PRI&apos; and table_name = &apos;t_post&apos; and table_schema = &apos;sampledb&apos;
2018-05-03 14:46:38,070 DEBUG (org.unitils.core.dbsupport.DefaultSQLHandler:187) - select column_type from information_schema.columns where table_schema = &apos;sampledb&apos; and table_name = &apos;t_post&apos; and column_name = &apos;post_title&apos;
2018-05-03 14:46:38,070 DEBUG (org.unitils.core.dbsupport.DefaultSQLHandler:187) - select column_type from information_schema.columns where table_schema = &apos;sampledb&apos; and table_name = &apos;t_post&apos; and column_name = &apos;post_title&apos;
2018-05-03 14:46:38,073 DEBUG (org.unitils.core.dbsupport.DefaultSQLHandler:80) - alter table `sampledb`.`t_post` change column `post_title` `post_title` varchar(50) NULL 
2018-05-03 14:46:38,073 DEBUG (org.unitils.core.dbsupport.DefaultSQLHandler:80) - alter table `sampledb`.`t_post` change column `post_title` `post_title` varchar(50) NULL 
2018-05-03 14:46:38,287 DEBUG (org.unitils.core.dbsupport.DefaultSQLHandler:187) - select column_type from information_schema.columns where table_schema = &apos;sampledb&apos; and table_name = &apos;t_post&apos; and column_name = &apos;create_time&apos;
2018-05-03 14:46:38,287 DEBUG (org.unitils.core.dbsupport.DefaultSQLHandler:187) - select column_type from information_schema.columns where table_schema = &apos;sampledb&apos; and table_name = &apos;t_post&apos; and column_name = &apos;create_time&apos;
2018-05-03 14:46:38,292 DEBUG (org.unitils.core.dbsupport.DefaultSQLHandler:80) - alter table `sampledb`.`t_post` change column `create_time` `create_time` date NULL 
2018-05-03 14:46:38,292 DEBUG (org.unitils.core.dbsupport.DefaultSQLHandler:80) - alter table `sampledb`.`t_post` change column `create_time` `create_time` date NULL 
2018-05-03 14:46:38,582 DEBUG (org.unitils.core.dbsupport.DefaultSQLHandler:187) - select column_type from information_schema.columns where table_schema = &apos;sampledb&apos; and table_name = &apos;t_post&apos; and column_name = &apos;user_id&apos;
2018-05-03 14:46:38,582 DEBUG (org.unitils.core.dbsupport.DefaultSQLHandler:187) - select column_type from information_schema.columns where table_schema = &apos;sampledb&apos; and table_name = &apos;t_post&apos; and column_name = &apos;user_id&apos;
2018-05-03 14:46:38,584 DEBUG (org.unitils.core.dbsupport.DefaultSQLHandler:80) - alter table `sampledb`.`t_post` change column `user_id` `user_id` int(11) NULL 
2018-05-03 14:46:38,584 DEBUG (org.unitils.core.dbsupport.DefaultSQLHandler:80) - alter table `sampledb`.`t_post` change column `user_id` `user_id` int(11) NULL 
2018-05-03 14:46:38,773 DEBUG (org.unitils.core.dbsupport.DefaultSQLHandler:187) - select column_type from information_schema.columns where table_schema = &apos;sampledb&apos; and table_name = &apos;t_post&apos; and column_name = &apos;board_id&apos;
2018-05-03 14:46:38,773 DEBUG (org.unitils.core.dbsupport.DefaultSQLHandler:187) - select column_type from information_schema.columns where table_schema = &apos;sampledb&apos; and table_name = &apos;t_post&apos; and column_name = &apos;board_id&apos;
2018-05-03 14:46:38,776 DEBUG (org.unitils.core.dbsupport.DefaultSQLHandler:80) - alter table `sampledb`.`t_post` change column `board_id` `board_id` int(11) NULL 
2018-05-03 14:46:38,776 DEBUG (org.unitils.core.dbsupport.DefaultSQLHandler:80) - alter table `sampledb`.`t_post` change column `board_id` `board_id` int(11) NULL 
2018-05-03 14:46:38,971 DEBUG (org.unitils.core.dbsupport.DefaultSQLHandler:187) - select column_type from information_schema.columns where table_schema = &apos;sampledb&apos; and table_name = &apos;t_post&apos; and column_name = &apos;post_type&apos;
2018-05-03 14:46:38,971 DEBUG (org.unitils.core.dbsupport.DefaultSQLHandler:187) - select column_type from information_schema.columns where table_schema = &apos;sampledb&apos; and table_name = &apos;t_post&apos; and column_name = &apos;post_type&apos;
2018-05-03 14:46:38,973 DEBUG (org.unitils.core.dbsupport.DefaultSQLHandler:80) - alter table `sampledb`.`t_post` change column `post_type` `post_type` tinyint(4) NULL 
2018-05-03 14:46:38,973 DEBUG (org.unitils.core.dbsupport.DefaultSQLHandler:80) - alter table `sampledb`.`t_post` change column `post_type` `post_type` tinyint(4) NULL 
2018-05-03 14:46:39,179 DEBUG (org.unitils.core.dbsupport.DefaultSQLHandler:187) - select column_type from information_schema.columns where table_schema = &apos;sampledb&apos; and table_name = &apos;t_post&apos; and column_name = &apos;topic_id&apos;
2018-05-03 14:46:39,179 DEBUG (org.unitils.core.dbsupport.DefaultSQLHandler:187) - select column_type from information_schema.columns where table_schema = &apos;sampledb&apos; and table_name = &apos;t_post&apos; and column_name = &apos;topic_id&apos;
2018-05-03 14:46:39,182 DEBUG (org.unitils.core.dbsupport.DefaultSQLHandler:80) - alter table `sampledb`.`t_post` change column `topic_id` `topic_id` int(11) NULL 
2018-05-03 14:46:39,182 DEBUG (org.unitils.core.dbsupport.DefaultSQLHandler:80) - alter table `sampledb`.`t_post` change column `topic_id` `topic_id` int(11) NULL 
2018-05-03 14:46:39,566 DEBUG (org.unitils.core.dbsupport.DefaultSQLHandler:187) - select column_type from information_schema.columns where table_schema = &apos;sampledb&apos; and table_name = &apos;t_post&apos; and column_name = &apos;post_text&apos;
2018-05-03 14:46:39,566 DEBUG (org.unitils.core.dbsupport.DefaultSQLHandler:187) - select column_type from information_schema.columns where table_schema = &apos;sampledb&apos; and table_name = &apos;t_post&apos; and column_name = &apos;post_text&apos;
2018-05-03 14:46:39,568 DEBUG (org.unitils.core.dbsupport.DefaultSQLHandler:80) - alter table `sampledb`.`t_post` change column `post_text` `post_text` text NULL 
2018-05-03 14:46:39,568 DEBUG (org.unitils.core.dbsupport.DefaultSQLHandler:80) - alter table `sampledb`.`t_post` change column `post_text` `post_text` text NULL 
2018-05-03 14:46:39,886 DEBUG (org.unitils.core.dbsupport.DefaultSQLHandler:214) - select constraint_name from information_schema.table_constraints where constraint_type in (&apos;UNIQUE&apos;) AND table_name = &apos;t_login_log&apos; and constraint_schema = &apos;sampledb&apos;
2018-05-03 14:46:39,886 DEBUG (org.unitils.core.dbsupport.DefaultSQLHandler:214) - select constraint_name from information_schema.table_constraints where constraint_type in (&apos;UNIQUE&apos;) AND table_name = &apos;t_login_log&apos; and constraint_schema = &apos;sampledb&apos;
2018-05-03 14:46:39,891 DEBUG (org.unitils.core.dbsupport.DefaultSQLHandler:214) - select column_name from information_schema.columns where is_nullable = &apos;NO&apos; and column_key &lt;&gt; &apos;PRI&apos; and table_name = &apos;t_login_log&apos; and table_schema = &apos;sampledb&apos;
2018-05-03 14:46:39,891 DEBUG (org.unitils.core.dbsupport.DefaultSQLHandler:214) - select column_name from information_schema.columns where is_nullable = &apos;NO&apos; and column_key &lt;&gt; &apos;PRI&apos; and table_name = &apos;t_login_log&apos; and table_schema = &apos;sampledb&apos;
2018-05-03 14:46:39,893 DEBUG (org.unitils.core.dbsupport.DefaultSQLHandler:187) - select column_type from information_schema.columns where table_schema = &apos;sampledb&apos; and table_name = &apos;t_login_log&apos; and column_name = &apos;login_datetime&apos;
2018-05-03 14:46:39,893 DEBUG (org.unitils.core.dbsupport.DefaultSQLHandler:187) - select column_type from information_schema.columns where table_schema = &apos;sampledb&apos; and table_name = &apos;t_login_log&apos; and column_name = &apos;login_datetime&apos;
2018-05-03 14:46:39,895 DEBUG (org.unitils.core.dbsupport.DefaultSQLHandler:80) - alter table `sampledb`.`t_login_log` change column `login_datetime` `login_datetime` varchar(30) NULL 
2018-05-03 14:46:39,895 DEBUG (org.unitils.core.dbsupport.DefaultSQLHandler:80) - alter table `sampledb`.`t_login_log` change column `login_datetime` `login_datetime` varchar(30) NULL 
2018-05-03 14:46:40,151 DEBUG (org.unitils.core.dbsupport.DefaultSQLHandler:187) - select column_type from information_schema.columns where table_schema = &apos;sampledb&apos; and table_name = &apos;t_login_log&apos; and column_name = &apos;ip&apos;
2018-05-03 14:46:40,151 DEBUG (org.unitils.core.dbsupport.DefaultSQLHandler:187) - select column_type from information_schema.columns where table_schema = &apos;sampledb&apos; and table_name = &apos;t_login_log&apos; and column_name = &apos;ip&apos;
2018-05-03 14:46:40,153 DEBUG (org.unitils.core.dbsupport.DefaultSQLHandler:80) - alter table `sampledb`.`t_login_log` change column `ip` `ip` varchar(30) NULL 
2018-05-03 14:46:40,153 DEBUG (org.unitils.core.dbsupport.DefaultSQLHandler:80) - alter table `sampledb`.`t_login_log` change column `ip` `ip` varchar(30) NULL 
2018-05-03 14:46:40,512  INFO (org.unitils.dbmaintainer.clean.impl.DefaultDBClearer:162) - Clearing (dropping) database schema sampledb
2018-05-03 14:46:40,512  INFO (org.unitils.dbmaintainer.clean.impl.DefaultDBClearer:162) - Clearing (dropping) database schema sampledb
2018-05-03 14:46:40,513 DEBUG (org.unitils.core.dbsupport.DefaultSQLHandler:214) - select table_name from information_schema.tables where table_schema = &apos;sampledb&apos; and table_type = &apos;VIEW&apos;
2018-05-03 14:46:40,513 DEBUG (org.unitils.core.dbsupport.DefaultSQLHandler:214) - select table_name from information_schema.tables where table_schema = &apos;sampledb&apos; and table_type = &apos;VIEW&apos;
2018-05-03 14:46:40,515 DEBUG (org.unitils.core.dbsupport.DefaultSQLHandler:214) - select table_name from information_schema.tables where table_schema = &apos;sampledb&apos; and table_type = &apos;BASE TABLE&apos;
2018-05-03 14:46:40,515 DEBUG (org.unitils.core.dbsupport.DefaultSQLHandler:214) - select table_name from information_schema.tables where table_schema = &apos;sampledb&apos; and table_type = &apos;BASE TABLE&apos;
2018-05-03 14:46:40,518 DEBUG (org.unitils.dbmaintainer.clean.impl.DefaultDBClearer:189) - Dropping table t_board_manager in database schema sampledb
2018-05-03 14:46:40,518 DEBUG (org.unitils.dbmaintainer.clean.impl.DefaultDBClearer:189) - Dropping table t_board_manager in database schema sampledb
2018-05-03 14:46:40,518 DEBUG (org.unitils.core.dbsupport.DefaultSQLHandler:80) - drop table `sampledb`.`t_board_manager` cascade
2018-05-03 14:46:40,518 DEBUG (org.unitils.core.dbsupport.DefaultSQLHandler:80) - drop table `sampledb`.`t_board_manager` cascade
2018-05-03 14:46:40,558 DEBUG (org.unitils.dbmaintainer.clean.impl.DefaultDBClearer:189) - Dropping table t_topic in database schema sampledb
2018-05-03 14:46:40,558 DEBUG (org.unitils.dbmaintainer.clean.impl.DefaultDBClearer:189) - Dropping table t_topic in database schema sampledb
2018-05-03 14:46:40,559 DEBUG (org.unitils.core.dbsupport.DefaultSQLHandler:80) - drop table `sampledb`.`t_topic` cascade
2018-05-03 14:46:40,559 DEBUG (org.unitils.core.dbsupport.DefaultSQLHandler:80) - drop table `sampledb`.`t_topic` cascade
2018-05-03 14:46:40,600 DEBUG (org.unitils.dbmaintainer.clean.impl.DefaultDBClearer:189) - Dropping table t_board in database schema sampledb
2018-05-03 14:46:40,600 DEBUG (org.unitils.dbmaintainer.clean.impl.DefaultDBClearer:189) - Dropping table t_board in database schema sampledb
2018-05-03 14:46:40,600 DEBUG (org.unitils.core.dbsupport.DefaultSQLHandler:80) - drop table `sampledb`.`t_board` cascade
2018-05-03 14:46:40,600 DEBUG (org.unitils.core.dbsupport.DefaultSQLHandler:80) - drop table `sampledb`.`t_board` cascade
2018-05-03 14:46:40,642 DEBUG (org.unitils.dbmaintainer.clean.impl.DefaultDBClearer:189) - Dropping table t_user in database schema sampledb
2018-05-03 14:46:40,642 DEBUG (org.unitils.dbmaintainer.clean.impl.DefaultDBClearer:189) - Dropping table t_user in database schema sampledb
2018-05-03 14:46:40,642 DEBUG (org.unitils.core.dbsupport.DefaultSQLHandler:80) - drop table `sampledb`.`t_user` cascade
2018-05-03 14:46:40,642 DEBUG (org.unitils.core.dbsupport.DefaultSQLHandler:80) - drop table `sampledb`.`t_user` cascade
2018-05-03 14:46:40,666 DEBUG (org.unitils.dbmaintainer.clean.impl.DefaultDBClearer:189) - Dropping table t_post in database schema sampledb
2018-05-03 14:46:40,666 DEBUG (org.unitils.dbmaintainer.clean.impl.DefaultDBClearer:189) - Dropping table t_post in database schema sampledb
2018-05-03 14:46:40,667 DEBUG (org.unitils.core.dbsupport.DefaultSQLHandler:80) - drop table `sampledb`.`t_post` cascade
2018-05-03 14:46:40,667 DEBUG (org.unitils.core.dbsupport.DefaultSQLHandler:80) - drop table `sampledb`.`t_post` cascade
2018-05-03 14:46:40,690 DEBUG (org.unitils.dbmaintainer.clean.impl.DefaultDBClearer:189) - Dropping table t_login_log in database schema sampledb
2018-05-03 14:46:40,690 DEBUG (org.unitils.dbmaintainer.clean.impl.DefaultDBClearer:189) - Dropping table t_login_log in database schema sampledb
2018-05-03 14:46:40,691 DEBUG (org.unitils.core.dbsupport.DefaultSQLHandler:80) - drop table `sampledb`.`t_login_log` cascade
2018-05-03 14:46:40,691 DEBUG (org.unitils.core.dbsupport.DefaultSQLHandler:80) - drop table `sampledb`.`t_login_log` cascade
2018-05-03 14:46:40,719 DEBUG (org.unitils.core.dbsupport.DefaultSQLHandler:214) - select trigger_name from information_schema.triggers where trigger_schema = &apos;sampledb&apos;
2018-05-03 14:46:40,719 DEBUG (org.unitils.core.dbsupport.DefaultSQLHandler:214) - select trigger_name from information_schema.triggers where trigger_schema = &apos;sampledb&apos;
2018-05-03 14:46:40,883 DEBUG (org.unitils.core.dbsupport.DefaultSQLHandler:131) - delete from `sampledb`.`dbmaintain_scripts`
2018-05-03 14:46:40,883 DEBUG (org.unitils.core.dbsupport.DefaultSQLHandler:131) - delete from `sampledb`.`dbmaintain_scripts`
2018-05-03 14:46:40,885  INFO (org.unitils.dbmaintainer.DBMaintainer:298) - Database update scripts have been found and will be executed on the database.
2018-05-03 14:46:40,885  INFO (org.unitils.dbmaintainer.DBMaintainer:298) - Database update scripts have been found and will be executed on the database.
2018-05-03 14:46:40,885  INFO (org.unitils.dbmaintainer.clean.impl.DefaultDBCleaner:103) - Cleaning database schema sampledb
2018-05-03 14:46:40,885  INFO (org.unitils.dbmaintainer.clean.impl.DefaultDBCleaner:103) - Cleaning database schema sampledb
2018-05-03 14:46:40,886 DEBUG (org.unitils.core.dbsupport.DefaultSQLHandler:214) - select table_name from information_schema.tables where table_schema = &apos;sampledb&apos; and table_type = &apos;BASE TABLE&apos;
2018-05-03 14:46:40,886 DEBUG (org.unitils.core.dbsupport.DefaultSQLHandler:214) - select table_name from information_schema.tables where table_schema = &apos;sampledb&apos; and table_type = &apos;BASE TABLE&apos;
2018-05-03 14:46:40,922 DEBUG (org.unitils.core.dbsupport.DefaultSQLHandler:131) - insert into `sampledb`.`dbmaintain_scripts` (file_name, version, file_last_modified_at, checksum, executed_at, succeeded) values (&apos;001_create_sampledb.sql&apos;, &apos;1&apos;, 1463658182337, &apos;6c9831b5c2a8ed06ecc31a5e6b4b329b&apos;, &apos;2018-05-03 14:46:40&apos;, 0)
2018-05-03 14:46:40,922 DEBUG (org.unitils.core.dbsupport.DefaultSQLHandler:131) - insert into `sampledb`.`dbmaintain_scripts` (file_name, version, file_last_modified_at, checksum, executed_at, succeeded) values (&apos;001_create_sampledb.sql&apos;, &apos;1&apos;, 1463658182337, &apos;6c9831b5c2a8ed06ecc31a5e6b4b329b&apos;, &apos;2018-05-03 14:46:40&apos;, 0)
2018-05-03 14:46:40,929  INFO (org.unitils.dbmaintainer.DBMaintainer:345) - Executing script 001_create_sampledb.sql
2018-05-03 14:46:40,929  INFO (org.unitils.dbmaintainer.DBMaintainer:345) - Executing script 001_create_sampledb.sql
2018-05-03 14:46:40,931 DEBUG (org.unitils.core.util.ConfigUtils:74) - Creating instance of interface org.unitils.dbmaintainer.script.ScriptParser. Implementation class org.unitils.dbmaintainer.script.impl.DefaultScriptParser
2018-05-03 14:46:40,931 DEBUG (org.unitils.core.util.ConfigUtils:74) - Creating instance of interface org.unitils.dbmaintainer.script.ScriptParser. Implementation class org.unitils.dbmaintainer.script.impl.DefaultScriptParser
2018-05-03 14:46:40,945 DEBUG (org.unitils.core.dbsupport.DefaultSQLHandler:131) - CREATE TABLE `t_board` (
  `board_id` int(11) NOT NULL auto_increment COMMENT &apos;论坛版块ID&apos;,
  `board_name` varchar(150) NOT NULL default &apos;&apos; COMMENT &apos;论坛版块名&apos;,
  `board_desc` varchar(255) default NULL COMMENT &apos;论坛版块描述&apos;,
  `topic_num` int(11) NOT NULL default &apos;0&apos; COMMENT &apos;帖子数目&apos;,
  PRIMARY KEY  (`board_id`),
  KEY `AK_Board_NAME` (`board_name`)
) ENGINE=InnoDB AUTO_INCREMENT=9 DEFAULT CHARSET=utf8
2018-05-03 14:46:40,945 DEBUG (org.unitils.core.dbsupport.DefaultSQLHandler:131) - CREATE TABLE `t_board` (
  `board_id` int(11) NOT NULL auto_increment COMMENT &apos;论坛版块ID&apos;,
  `board_name` varchar(150) NOT NULL default &apos;&apos; COMMENT &apos;论坛版块名&apos;,
  `board_desc` varchar(255) default NULL COMMENT &apos;论坛版块描述&apos;,
  `topic_num` int(11) NOT NULL default &apos;0&apos; COMMENT &apos;帖子数目&apos;,
  PRIMARY KEY  (`board_id`),
  KEY `AK_Board_NAME` (`board_name`)
) ENGINE=InnoDB AUTO_INCREMENT=9 DEFAULT CHARSET=utf8
2018-05-03 14:46:41,083 DEBUG (org.unitils.core.dbsupport.DefaultSQLHandler:131) - CREATE TABLE `t_board_manager` (
  `board_id` int(11) NOT NULL,
  `user_id` int(11) NOT NULL,
  PRIMARY KEY  (`board_id`,`user_id`)
) ENGINE=InnoDB DEFAULT CHARSET=utf8 COMMENT=&apos;论坛管理员&apos;
2018-05-03 14:46:41,083 DEBUG (org.unitils.core.dbsupport.DefaultSQLHandler:131) - CREATE TABLE `t_board_manager` (
  `board_id` int(11) NOT NULL,
  `user_id` int(11) NOT NULL,
  PRIMARY KEY  (`board_id`,`user_id`)
) ENGINE=InnoDB DEFAULT CHARSET=utf8 COMMENT=&apos;论坛管理员&apos;
2018-05-03 14:46:41,181 DEBUG (org.unitils.core.dbsupport.DefaultSQLHandler:131) - CREATE TABLE `t_login_log` (
  `login_log_id` int(11) NOT NULL auto_increment,
  `user_id` int(11) default NULL,
  `ip` varchar(30) NOT NULL default &apos;&apos;,
  `login_datetime` varchar(14) NOT NULL,
  PRIMARY KEY  (`login_log_id`)
) ENGINE=InnoDB DEFAULT CHARSET=utf8
2018-05-03 14:46:41,181 DEBUG (org.unitils.core.dbsupport.DefaultSQLHandler:131) - CREATE TABLE `t_login_log` (
  `login_log_id` int(11) NOT NULL auto_increment,
  `user_id` int(11) default NULL,
  `ip` varchar(30) NOT NULL default &apos;&apos;,
  `login_datetime` varchar(14) NOT NULL,
  PRIMARY KEY  (`login_log_id`)
) ENGINE=InnoDB DEFAULT CHARSET=utf8
2018-05-03 14:46:41,277 DEBUG (org.unitils.core.dbsupport.DefaultSQLHandler:131) - CREATE TABLE `t_post` (
  `post_id` int(11) NOT NULL auto_increment COMMENT &apos;帖子ID&apos;,
  `board_id` int(11) NOT NULL default &apos;0&apos; COMMENT &apos;论坛ID&apos;,
  `topic_id` int(11) NOT NULL default &apos;0&apos; COMMENT &apos;话题ID&apos;,
  `user_id` int(11) NOT NULL default &apos;0&apos; COMMENT &apos;发表者ID&apos;,
  `post_type` tinyint(4) NOT NULL default &apos;2&apos; COMMENT &apos;帖子类型 1:主帖子 2:回复帖子&apos;,
  `post_title` varchar(50) NOT NULL COMMENT &apos;帖子标题&apos;,
  `post_text` text NOT NULL COMMENT &apos;帖子内容&apos;,
  `create_time` date NOT NULL COMMENT &apos;创建时间&apos;,
  PRIMARY KEY  (`post_id`),
  KEY `IDX_POST_TOPIC_ID` (`topic_id`)
) ENGINE=InnoDB AUTO_INCREMENT=25 DEFAULT CHARSET=utf8 COMMENT=&apos;帖子&apos;
2018-05-03 14:46:41,277 DEBUG (org.unitils.core.dbsupport.DefaultSQLHandler:131) - CREATE TABLE `t_post` (
  `post_id` int(11) NOT NULL auto_increment COMMENT &apos;帖子ID&apos;,
  `board_id` int(11) NOT NULL default &apos;0&apos; COMMENT &apos;论坛ID&apos;,
  `topic_id` int(11) NOT NULL default &apos;0&apos; COMMENT &apos;话题ID&apos;,
  `user_id` int(11) NOT NULL default &apos;0&apos; COMMENT &apos;发表者ID&apos;,
  `post_type` tinyint(4) NOT NULL default &apos;2&apos; COMMENT &apos;帖子类型 1:主帖子 2:回复帖子&apos;,
  `post_title` varchar(50) NOT NULL COMMENT &apos;帖子标题&apos;,
  `post_text` text NOT NULL COMMENT &apos;帖子内容&apos;,
  `create_time` date NOT NULL COMMENT &apos;创建时间&apos;,
  PRIMARY KEY  (`post_id`),
  KEY `IDX_POST_TOPIC_ID` (`topic_id`)
) ENGINE=InnoDB AUTO_INCREMENT=25 DEFAULT CHARSET=utf8 COMMENT=&apos;帖子&apos;
2018-05-03 14:46:41,367 DEBUG (org.unitils.core.dbsupport.DefaultSQLHandler:131) - CREATE TABLE `t_topic` (
  `topic_id` int(11) NOT NULL auto_increment COMMENT &apos;帖子ID&apos;,
  `board_id` int(11) NOT NULL COMMENT &apos;所属论坛&apos;,
  `topic_title` varchar(100) NOT NULL default &apos;&apos; COMMENT &apos;帖子标题&apos;,
  `user_id` int(11) NOT NULL default &apos;0&apos; COMMENT &apos;发表用户&apos;,
  `create_time` date NOT NULL COMMENT &apos;发表时间&apos;,
  `last_post` date NOT NULL COMMENT &apos;最后回复时间&apos;,
  `topic_views` int(11) NOT NULL default &apos;1&apos; COMMENT &apos;浏览数&apos;,
  `topic_replies` int(11) NOT NULL default &apos;0&apos; COMMENT &apos;回复数&apos;,
  `digest` int(11) NOT NULL COMMENT &apos;0:不是精华话题 1:是精华话题&apos;,
  PRIMARY KEY  (`topic_id`),
  KEY `IDX_TOPIC_USER_ID` (`user_id`),
  KEY `IDX_TOPIC_TITLE` (`topic_title`)
) ENGINE=InnoDB AUTO_INCREMENT=24 DEFAULT CHARSET=utf8 COMMENT=&apos;话题&apos;
2018-05-03 14:46:41,367 DEBUG (org.unitils.core.dbsupport.DefaultSQLHandler:131) - CREATE TABLE `t_topic` (
  `topic_id` int(11) NOT NULL auto_increment COMMENT &apos;帖子ID&apos;,
  `board_id` int(11) NOT NULL COMMENT &apos;所属论坛&apos;,
  `topic_title` varchar(100) NOT NULL default &apos;&apos; COMMENT &apos;帖子标题&apos;,
  `user_id` int(11) NOT NULL default &apos;0&apos; COMMENT &apos;发表用户&apos;,
  `create_time` date NOT NULL COMMENT &apos;发表时间&apos;,
  `last_post` date NOT NULL COMMENT &apos;最后回复时间&apos;,
  `topic_views` int(11) NOT NULL default &apos;1&apos; COMMENT &apos;浏览数&apos;,
  `topic_replies` int(11) NOT NULL default &apos;0&apos; COMMENT &apos;回复数&apos;,
  `digest` int(11) NOT NULL COMMENT &apos;0:不是精华话题 1:是精华话题&apos;,
  PRIMARY KEY  (`topic_id`),
  KEY `IDX_TOPIC_USER_ID` (`user_id`),
  KEY `IDX_TOPIC_TITLE` (`topic_title`)
) ENGINE=InnoDB AUTO_INCREMENT=24 DEFAULT CHARSET=utf8 COMMENT=&apos;话题&apos;
2018-05-03 14:46:41,532 DEBUG (org.unitils.core.dbsupport.DefaultSQLHandler:131) - CREATE TABLE `t_user` (
  `user_id` int(11) NOT NULL auto_increment COMMENT &apos;用户Id&apos;,
  `user_name` varchar(30) NOT NULL COMMENT &apos;用户名&apos;,
  `password` varchar(30) NOT NULL default &apos;&apos; COMMENT &apos;密码&apos;,
  `user_type` tinyint(4) NOT NULL default &apos;1&apos; COMMENT &apos;1:普通用户 2:管理员&apos;,
  `locked` tinyint(4) NOT NULL default &apos;0&apos; COMMENT &apos;0:未锁定 1:锁定&apos;,
  `credit` int(11) default NULL COMMENT &apos;积分&apos;,
  `last_visit` datetime default NULL COMMENT &apos;最后登陆时间&apos;,
  `last_ip` varchar(20) default NULL COMMENT &apos;最后登陆IP&apos;,
  PRIMARY KEY  (`user_id`),
  KEY `AK_AK_USER_USER_NAME` (`user_name`)
) ENGINE=InnoDB AUTO_INCREMENT=4 DEFAULT CHARSET=utf8
2018-05-03 14:46:41,532 DEBUG (org.unitils.core.dbsupport.DefaultSQLHandler:131) - CREATE TABLE `t_user` (
  `user_id` int(11) NOT NULL auto_increment COMMENT &apos;用户Id&apos;,
  `user_name` varchar(30) NOT NULL COMMENT &apos;用户名&apos;,
  `password` varchar(30) NOT NULL default &apos;&apos; COMMENT &apos;密码&apos;,
  `user_type` tinyint(4) NOT NULL default &apos;1&apos; COMMENT &apos;1:普通用户 2:管理员&apos;,
  `locked` tinyint(4) NOT NULL default &apos;0&apos; COMMENT &apos;0:未锁定 1:锁定&apos;,
  `credit` int(11) default NULL COMMENT &apos;积分&apos;,
  `last_visit` datetime default NULL COMMENT &apos;最后登陆时间&apos;,
  `last_ip` varchar(20) default NULL COMMENT &apos;最后登陆IP&apos;,
  PRIMARY KEY  (`user_id`),
  KEY `AK_AK_USER_USER_NAME` (`user_name`)
) ENGINE=InnoDB AUTO_INCREMENT=4 DEFAULT CHARSET=utf8
2018-05-03 14:46:41,657 DEBUG (org.unitils.core.dbsupport.DefaultSQLHandler:131) - update `sampledb`.`dbmaintain_scripts` set checksum = &apos;6c9831b5c2a8ed06ecc31a5e6b4b329b&apos;, file_last_modified_at = 1463658182337, executed_at = &apos;2018-05-03 14:46:40&apos;, succeeded = 1 where file_name = &apos;001_create_sampledb.sql&apos;
2018-05-03 14:46:41,657 DEBUG (org.unitils.core.dbsupport.DefaultSQLHandler:131) - update `sampledb`.`dbmaintain_scripts` set checksum = &apos;6c9831b5c2a8ed06ecc31a5e6b4b329b&apos;, file_last_modified_at = 1463658182337, executed_at = &apos;2018-05-03 14:46:40&apos;, succeeded = 1 where file_name = &apos;001_create_sampledb.sql&apos;
2018-05-03 14:46:41,662  INFO (org.unitils.dbmaintainer.structure.impl.DefaultConstraintsDisabler:44) - Disabling constraints in database schema sampledb
2018-05-03 14:46:41,662  INFO (org.unitils.dbmaintainer.structure.impl.DefaultConstraintsDisabler:44) - Disabling constraints in database schema sampledb
2018-05-03 14:46:41,662 DEBUG (org.unitils.core.dbsupport.DefaultSQLHandler:214) - select table_name from information_schema.tables where table_schema = &apos;sampledb&apos; and table_type = &apos;BASE TABLE&apos;
2018-05-03 14:46:41,662 DEBUG (org.unitils.core.dbsupport.DefaultSQLHandler:214) - select table_name from information_schema.tables where table_schema = &apos;sampledb&apos; and table_type = &apos;BASE TABLE&apos;
2018-05-03 14:46:41,665 DEBUG (org.unitils.core.dbsupport.DefaultSQLHandler:214) - select constraint_name from information_schema.table_constraints where constraint_type = &apos;FOREIGN KEY&apos; AND table_name = &apos;t_board_manager&apos; and constraint_schema = &apos;sampledb&apos;
2018-05-03 14:46:41,665 DEBUG (org.unitils.core.dbsupport.DefaultSQLHandler:214) - select constraint_name from information_schema.table_constraints where constraint_type = &apos;FOREIGN KEY&apos; AND table_name = &apos;t_board_manager&apos; and constraint_schema = &apos;sampledb&apos;
2018-05-03 14:46:41,669 DEBUG (org.unitils.core.dbsupport.DefaultSQLHandler:214) - select constraint_name from information_schema.table_constraints where constraint_type = &apos;FOREIGN KEY&apos; AND table_name = &apos;t_topic&apos; and constraint_schema = &apos;sampledb&apos;
2018-05-03 14:46:41,669 DEBUG (org.unitils.core.dbsupport.DefaultSQLHandler:214) - select constraint_name from information_schema.table_constraints where constraint_type = &apos;FOREIGN KEY&apos; AND table_name = &apos;t_topic&apos; and constraint_schema = &apos;sampledb&apos;
2018-05-03 14:46:41,673 DEBUG (org.unitils.core.dbsupport.DefaultSQLHandler:214) - select constraint_name from information_schema.table_constraints where constraint_type = &apos;FOREIGN KEY&apos; AND table_name = &apos;t_board&apos; and constraint_schema = &apos;sampledb&apos;
2018-05-03 14:46:41,673 DEBUG (org.unitils.core.dbsupport.DefaultSQLHandler:214) - select constraint_name from information_schema.table_constraints where constraint_type = &apos;FOREIGN KEY&apos; AND table_name = &apos;t_board&apos; and constraint_schema = &apos;sampledb&apos;
2018-05-03 14:46:41,677 DEBUG (org.unitils.core.dbsupport.DefaultSQLHandler:214) - select constraint_name from information_schema.table_constraints where constraint_type = &apos;FOREIGN KEY&apos; AND table_name = &apos;t_user&apos; and constraint_schema = &apos;sampledb&apos;
2018-05-03 14:46:41,677 DEBUG (org.unitils.core.dbsupport.DefaultSQLHandler:214) - select constraint_name from information_schema.table_constraints where constraint_type = &apos;FOREIGN KEY&apos; AND table_name = &apos;t_user&apos; and constraint_schema = &apos;sampledb&apos;
2018-05-03 14:46:41,681 DEBUG (org.unitils.core.dbsupport.DefaultSQLHandler:214) - select constraint_name from information_schema.table_constraints where constraint_type = &apos;FOREIGN KEY&apos; AND table_name = &apos;dbmaintain_scripts&apos; and constraint_schema = &apos;sampledb&apos;
2018-05-03 14:46:41,681 DEBUG (org.unitils.core.dbsupport.DefaultSQLHandler:214) - select constraint_name from information_schema.table_constraints where constraint_type = &apos;FOREIGN KEY&apos; AND table_name = &apos;dbmaintain_scripts&apos; and constraint_schema = &apos;sampledb&apos;
2018-05-03 14:46:41,684 DEBUG (org.unitils.core.dbsupport.DefaultSQLHandler:214) - select constraint_name from information_schema.table_constraints where constraint_type = &apos;FOREIGN KEY&apos; AND table_name = &apos;t_post&apos; and constraint_schema = &apos;sampledb&apos;
2018-05-03 14:46:41,684 DEBUG (org.unitils.core.dbsupport.DefaultSQLHandler:214) - select constraint_name from information_schema.table_constraints where constraint_type = &apos;FOREIGN KEY&apos; AND table_name = &apos;t_post&apos; and constraint_schema = &apos;sampledb&apos;
2018-05-03 14:46:41,689 DEBUG (org.unitils.core.dbsupport.DefaultSQLHandler:214) - select constraint_name from information_schema.table_constraints where constraint_type = &apos;FOREIGN KEY&apos; AND table_name = &apos;t_login_log&apos; and constraint_schema = &apos;sampledb&apos;
2018-05-03 14:46:41,689 DEBUG (org.unitils.core.dbsupport.DefaultSQLHandler:214) - select constraint_name from information_schema.table_constraints where constraint_type = &apos;FOREIGN KEY&apos; AND table_name = &apos;t_login_log&apos; and constraint_schema = &apos;sampledb&apos;
2018-05-03 14:46:41,692 DEBUG (org.unitils.core.dbsupport.DefaultSQLHandler:214) - select table_name from information_schema.tables where table_schema = &apos;sampledb&apos; and table_type = &apos;BASE TABLE&apos;
2018-05-03 14:46:41,692 DEBUG (org.unitils.core.dbsupport.DefaultSQLHandler:214) - select table_name from information_schema.tables where table_schema = &apos;sampledb&apos; and table_type = &apos;BASE TABLE&apos;
2018-05-03 14:46:41,694 DEBUG (org.unitils.core.dbsupport.DefaultSQLHandler:214) - select constraint_name from information_schema.table_constraints where constraint_type in (&apos;UNIQUE&apos;) AND table_name = &apos;t_board_manager&apos; and constraint_schema = &apos;sampledb&apos;
2018-05-03 14:46:41,694 DEBUG (org.unitils.core.dbsupport.DefaultSQLHandler:214) - select constraint_name from information_schema.table_constraints where constraint_type in (&apos;UNIQUE&apos;) AND table_name = &apos;t_board_manager&apos; and constraint_schema = &apos;sampledb&apos;
2018-05-03 14:46:41,696 DEBUG (org.unitils.core.dbsupport.DefaultSQLHandler:214) - select column_name from information_schema.columns where is_nullable = &apos;NO&apos; and column_key &lt;&gt; &apos;PRI&apos; and table_name = &apos;t_board_manager&apos; and table_schema = &apos;sampledb&apos;
2018-05-03 14:46:41,696 DEBUG (org.unitils.core.dbsupport.DefaultSQLHandler:214) - select column_name from information_schema.columns where is_nullable = &apos;NO&apos; and column_key &lt;&gt; &apos;PRI&apos; and table_name = &apos;t_board_manager&apos; and table_schema = &apos;sampledb&apos;
2018-05-03 14:46:41,698 DEBUG (org.unitils.core.dbsupport.DefaultSQLHandler:214) - select constraint_name from information_schema.table_constraints where constraint_type in (&apos;UNIQUE&apos;) AND table_name = &apos;t_topic&apos; and constraint_schema = &apos;sampledb&apos;
2018-05-03 14:46:41,698 DEBUG (org.unitils.core.dbsupport.DefaultSQLHandler:214) - select constraint_name from information_schema.table_constraints where constraint_type in (&apos;UNIQUE&apos;) AND table_name = &apos;t_topic&apos; and constraint_schema = &apos;sampledb&apos;
2018-05-03 14:46:41,701 DEBUG (org.unitils.core.dbsupport.DefaultSQLHandler:214) - select column_name from information_schema.columns where is_nullable = &apos;NO&apos; and column_key &lt;&gt; &apos;PRI&apos; and table_name = &apos;t_topic&apos; and table_schema = &apos;sampledb&apos;
2018-05-03 14:46:41,701 DEBUG (org.unitils.core.dbsupport.DefaultSQLHandler:214) - select column_name from information_schema.columns where is_nullable = &apos;NO&apos; and column_key &lt;&gt; &apos;PRI&apos; and table_name = &apos;t_topic&apos; and table_schema = &apos;sampledb&apos;
2018-05-03 14:46:41,703 DEBUG (org.unitils.core.dbsupport.DefaultSQLHandler:187) - select column_type from information_schema.columns where table_schema = &apos;sampledb&apos; and table_name = &apos;t_topic&apos; and column_name = &apos;create_time&apos;
2018-05-03 14:46:41,703 DEBUG (org.unitils.core.dbsupport.DefaultSQLHandler:187) - select column_type from information_schema.columns where table_schema = &apos;sampledb&apos; and table_name = &apos;t_topic&apos; and column_name = &apos;create_time&apos;
2018-05-03 14:46:41,704 DEBUG (org.unitils.core.dbsupport.DefaultSQLHandler:80) - alter table `sampledb`.`t_topic` change column `create_time` `create_time` date NULL 
2018-05-03 14:46:41,704 DEBUG (org.unitils.core.dbsupport.DefaultSQLHandler:80) - alter table `sampledb`.`t_topic` change column `create_time` `create_time` date NULL 
2018-05-03 14:46:41,832 DEBUG (org.unitils.core.dbsupport.DefaultSQLHandler:187) - select column_type from information_schema.columns where table_schema = &apos;sampledb&apos; and table_name = &apos;t_topic&apos; and column_name = &apos;topic_views&apos;
2018-05-03 14:46:41,832 DEBUG (org.unitils.core.dbsupport.DefaultSQLHandler:187) - select column_type from information_schema.columns where table_schema = &apos;sampledb&apos; and table_name = &apos;t_topic&apos; and column_name = &apos;topic_views&apos;
2018-05-03 14:46:41,833 DEBUG (org.unitils.core.dbsupport.DefaultSQLHandler:80) - alter table `sampledb`.`t_topic` change column `topic_views` `topic_views` int(11) NULL 
2018-05-03 14:46:41,833 DEBUG (org.unitils.core.dbsupport.DefaultSQLHandler:80) - alter table `sampledb`.`t_topic` change column `topic_views` `topic_views` int(11) NULL 
2018-05-03 14:46:41,941 DEBUG (org.unitils.core.dbsupport.DefaultSQLHandler:187) - select column_type from information_schema.columns where table_schema = &apos;sampledb&apos; and table_name = &apos;t_topic&apos; and column_name = &apos;user_id&apos;
2018-05-03 14:46:41,941 DEBUG (org.unitils.core.dbsupport.DefaultSQLHandler:187) - select column_type from information_schema.columns where table_schema = &apos;sampledb&apos; and table_name = &apos;t_topic&apos; and column_name = &apos;user_id&apos;
2018-05-03 14:46:41,942 DEBUG (org.unitils.core.dbsupport.DefaultSQLHandler:80) - alter table `sampledb`.`t_topic` change column `user_id` `user_id` int(11) NULL 
2018-05-03 14:46:41,942 DEBUG (org.unitils.core.dbsupport.DefaultSQLHandler:80) - alter table `sampledb`.`t_topic` change column `user_id` `user_id` int(11) NULL 
2018-05-03 14:46:42,054 DEBUG (org.unitils.core.dbsupport.DefaultSQLHandler:187) - select column_type from information_schema.columns where table_schema = &apos;sampledb&apos; and table_name = &apos;t_topic&apos; and column_name = &apos;board_id&apos;
2018-05-03 14:46:42,054 DEBUG (org.unitils.core.dbsupport.DefaultSQLHandler:187) - select column_type from information_schema.columns where table_schema = &apos;sampledb&apos; and table_name = &apos;t_topic&apos; and column_name = &apos;board_id&apos;
2018-05-03 14:46:42,057 DEBUG (org.unitils.core.dbsupport.DefaultSQLHandler:80) - alter table `sampledb`.`t_topic` change column `board_id` `board_id` int(11) NULL 
2018-05-03 14:46:42,057 DEBUG (org.unitils.core.dbsupport.DefaultSQLHandler:80) - alter table `sampledb`.`t_topic` change column `board_id` `board_id` int(11) NULL 
2018-05-03 14:46:42,250 DEBUG (org.unitils.core.dbsupport.DefaultSQLHandler:187) - select column_type from information_schema.columns where table_schema = &apos;sampledb&apos; and table_name = &apos;t_topic&apos; and column_name = &apos;topic_title&apos;
2018-05-03 14:46:42,250 DEBUG (org.unitils.core.dbsupport.DefaultSQLHandler:187) - select column_type from information_schema.columns where table_schema = &apos;sampledb&apos; and table_name = &apos;t_topic&apos; and column_name = &apos;topic_title&apos;
2018-05-03 14:46:42,252 DEBUG (org.unitils.core.dbsupport.DefaultSQLHandler:80) - alter table `sampledb`.`t_topic` change column `topic_title` `topic_title` varchar(100) NULL 
2018-05-03 14:46:42,252 DEBUG (org.unitils.core.dbsupport.DefaultSQLHandler:80) - alter table `sampledb`.`t_topic` change column `topic_title` `topic_title` varchar(100) NULL 
2018-05-03 14:46:42,708 DEBUG (org.unitils.core.dbsupport.DefaultSQLHandler:187) - select column_type from information_schema.columns where table_schema = &apos;sampledb&apos; and table_name = &apos;t_topic&apos; and column_name = &apos;last_post&apos;
2018-05-03 14:46:42,708 DEBUG (org.unitils.core.dbsupport.DefaultSQLHandler:187) - select column_type from information_schema.columns where table_schema = &apos;sampledb&apos; and table_name = &apos;t_topic&apos; and column_name = &apos;last_post&apos;
2018-05-03 14:46:42,711 DEBUG (org.unitils.core.dbsupport.DefaultSQLHandler:80) - alter table `sampledb`.`t_topic` change column `last_post` `last_post` date NULL 
2018-05-03 14:46:42,711 DEBUG (org.unitils.core.dbsupport.DefaultSQLHandler:80) - alter table `sampledb`.`t_topic` change column `last_post` `last_post` date NULL 
2018-05-03 14:46:42,890 DEBUG (org.unitils.core.dbsupport.DefaultSQLHandler:187) - select column_type from information_schema.columns where table_schema = &apos;sampledb&apos; and table_name = &apos;t_topic&apos; and column_name = &apos;digest&apos;
2018-05-03 14:46:42,890 DEBUG (org.unitils.core.dbsupport.DefaultSQLHandler:187) - select column_type from information_schema.columns where table_schema = &apos;sampledb&apos; and table_name = &apos;t_topic&apos; and column_name = &apos;digest&apos;
2018-05-03 14:46:42,892 DEBUG (org.unitils.core.dbsupport.DefaultSQLHandler:80) - alter table `sampledb`.`t_topic` change column `digest` `digest` int(11) NULL 
2018-05-03 14:46:42,892 DEBUG (org.unitils.core.dbsupport.DefaultSQLHandler:80) - alter table `sampledb`.`t_topic` change column `digest` `digest` int(11) NULL 
2018-05-03 14:46:43,103 DEBUG (org.unitils.core.dbsupport.DefaultSQLHandler:187) - select column_type from information_schema.columns where table_schema = &apos;sampledb&apos; and table_name = &apos;t_topic&apos; and column_name = &apos;topic_replies&apos;
2018-05-03 14:46:43,103 DEBUG (org.unitils.core.dbsupport.DefaultSQLHandler:187) - select column_type from information_schema.columns where table_schema = &apos;sampledb&apos; and table_name = &apos;t_topic&apos; and column_name = &apos;topic_replies&apos;
2018-05-03 14:46:43,104 DEBUG (org.unitils.core.dbsupport.DefaultSQLHandler:80) - alter table `sampledb`.`t_topic` change column `topic_replies` `topic_replies` int(11) NULL 
2018-05-03 14:46:43,104 DEBUG (org.unitils.core.dbsupport.DefaultSQLHandler:80) - alter table `sampledb`.`t_topic` change column `topic_replies` `topic_replies` int(11) NULL 
2018-05-03 14:46:43,229 DEBUG (org.unitils.core.dbsupport.DefaultSQLHandler:214) - select constraint_name from information_schema.table_constraints where constraint_type in (&apos;UNIQUE&apos;) AND table_name = &apos;t_board&apos; and constraint_schema = &apos;sampledb&apos;
2018-05-03 14:46:43,229 DEBUG (org.unitils.core.dbsupport.DefaultSQLHandler:214) - select constraint_name from information_schema.table_constraints where constraint_type in (&apos;UNIQUE&apos;) AND table_name = &apos;t_board&apos; and constraint_schema = &apos;sampledb&apos;
2018-05-03 14:46:43,233 DEBUG (org.unitils.core.dbsupport.DefaultSQLHandler:214) - select column_name from information_schema.columns where is_nullable = &apos;NO&apos; and column_key &lt;&gt; &apos;PRI&apos; and table_name = &apos;t_board&apos; and table_schema = &apos;sampledb&apos;
2018-05-03 14:46:43,233 DEBUG (org.unitils.core.dbsupport.DefaultSQLHandler:214) - select column_name from information_schema.columns where is_nullable = &apos;NO&apos; and column_key &lt;&gt; &apos;PRI&apos; and table_name = &apos;t_board&apos; and table_schema = &apos;sampledb&apos;
2018-05-03 14:46:43,235 DEBUG (org.unitils.core.dbsupport.DefaultSQLHandler:187) - select column_type from information_schema.columns where table_schema = &apos;sampledb&apos; and table_name = &apos;t_board&apos; and column_name = &apos;board_name&apos;
2018-05-03 14:46:43,235 DEBUG (org.unitils.core.dbsupport.DefaultSQLHandler:187) - select column_type from information_schema.columns where table_schema = &apos;sampledb&apos; and table_name = &apos;t_board&apos; and column_name = &apos;board_name&apos;
2018-05-03 14:46:43,237 DEBUG (org.unitils.core.dbsupport.DefaultSQLHandler:80) - alter table `sampledb`.`t_board` change column `board_name` `board_name` varchar(150) NULL 
2018-05-03 14:46:43,237 DEBUG (org.unitils.core.dbsupport.DefaultSQLHandler:80) - alter table `sampledb`.`t_board` change column `board_name` `board_name` varchar(150) NULL 
2018-05-03 14:46:43,616 DEBUG (org.unitils.core.dbsupport.DefaultSQLHandler:187) - select column_type from information_schema.columns where table_schema = &apos;sampledb&apos; and table_name = &apos;t_board&apos; and column_name = &apos;topic_num&apos;
2018-05-03 14:46:43,616 DEBUG (org.unitils.core.dbsupport.DefaultSQLHandler:187) - select column_type from information_schema.columns where table_schema = &apos;sampledb&apos; and table_name = &apos;t_board&apos; and column_name = &apos;topic_num&apos;
2018-05-03 14:46:43,619 DEBUG (org.unitils.core.dbsupport.DefaultSQLHandler:80) - alter table `sampledb`.`t_board` change column `topic_num` `topic_num` int(11) NULL 
2018-05-03 14:46:43,619 DEBUG (org.unitils.core.dbsupport.DefaultSQLHandler:80) - alter table `sampledb`.`t_board` change column `topic_num` `topic_num` int(11) NULL 
2018-05-03 14:46:43,792 DEBUG (org.unitils.core.dbsupport.DefaultSQLHandler:214) - select constraint_name from information_schema.table_constraints where constraint_type in (&apos;UNIQUE&apos;) AND table_name = &apos;t_user&apos; and constraint_schema = &apos;sampledb&apos;
2018-05-03 14:46:43,792 DEBUG (org.unitils.core.dbsupport.DefaultSQLHandler:214) - select constraint_name from information_schema.table_constraints where constraint_type in (&apos;UNIQUE&apos;) AND table_name = &apos;t_user&apos; and constraint_schema = &apos;sampledb&apos;
2018-05-03 14:46:43,795 DEBUG (org.unitils.core.dbsupport.DefaultSQLHandler:214) - select column_name from information_schema.columns where is_nullable = &apos;NO&apos; and column_key &lt;&gt; &apos;PRI&apos; and table_name = &apos;t_user&apos; and table_schema = &apos;sampledb&apos;
2018-05-03 14:46:43,795 DEBUG (org.unitils.core.dbsupport.DefaultSQLHandler:214) - select column_name from information_schema.columns where is_nullable = &apos;NO&apos; and column_key &lt;&gt; &apos;PRI&apos; and table_name = &apos;t_user&apos; and table_schema = &apos;sampledb&apos;
2018-05-03 14:46:43,797 DEBUG (org.unitils.core.dbsupport.DefaultSQLHandler:187) - select column_type from information_schema.columns where table_schema = &apos;sampledb&apos; and table_name = &apos;t_user&apos; and column_name = &apos;password&apos;
2018-05-03 14:46:43,797 DEBUG (org.unitils.core.dbsupport.DefaultSQLHandler:187) - select column_type from information_schema.columns where table_schema = &apos;sampledb&apos; and table_name = &apos;t_user&apos; and column_name = &apos;password&apos;
2018-05-03 14:46:43,798 DEBUG (org.unitils.core.dbsupport.DefaultSQLHandler:80) - alter table `sampledb`.`t_user` change column `password` `password` varchar(30) NULL 
2018-05-03 14:46:43,798 DEBUG (org.unitils.core.dbsupport.DefaultSQLHandler:80) - alter table `sampledb`.`t_user` change column `password` `password` varchar(30) NULL 
2018-05-03 14:46:43,946 DEBUG (org.unitils.core.dbsupport.DefaultSQLHandler:187) - select column_type from information_schema.columns where table_schema = &apos;sampledb&apos; and table_name = &apos;t_user&apos; and column_name = &apos;user_type&apos;
2018-05-03 14:46:43,946 DEBUG (org.unitils.core.dbsupport.DefaultSQLHandler:187) - select column_type from information_schema.columns where table_schema = &apos;sampledb&apos; and table_name = &apos;t_user&apos; and column_name = &apos;user_type&apos;
2018-05-03 14:46:43,947 DEBUG (org.unitils.core.dbsupport.DefaultSQLHandler:80) - alter table `sampledb`.`t_user` change column `user_type` `user_type` tinyint(4) NULL 
2018-05-03 14:46:43,947 DEBUG (org.unitils.core.dbsupport.DefaultSQLHandler:80) - alter table `sampledb`.`t_user` change column `user_type` `user_type` tinyint(4) NULL 
2018-05-03 14:46:44,061 DEBUG (org.unitils.core.dbsupport.DefaultSQLHandler:187) - select column_type from information_schema.columns where table_schema = &apos;sampledb&apos; and table_name = &apos;t_user&apos; and column_name = &apos;user_name&apos;
2018-05-03 14:46:44,061 DEBUG (org.unitils.core.dbsupport.DefaultSQLHandler:187) - select column_type from information_schema.columns where table_schema = &apos;sampledb&apos; and table_name = &apos;t_user&apos; and column_name = &apos;user_name&apos;
2018-05-03 14:46:44,062 DEBUG (org.unitils.core.dbsupport.DefaultSQLHandler:80) - alter table `sampledb`.`t_user` change column `user_name` `user_name` varchar(30) NULL 
2018-05-03 14:46:44,062 DEBUG (org.unitils.core.dbsupport.DefaultSQLHandler:80) - alter table `sampledb`.`t_user` change column `user_name` `user_name` varchar(30) NULL 
2018-05-03 14:46:44,255 DEBUG (org.unitils.core.dbsupport.DefaultSQLHandler:187) - select column_type from information_schema.columns where table_schema = &apos;sampledb&apos; and table_name = &apos;t_user&apos; and column_name = &apos;locked&apos;
2018-05-03 14:46:44,255 DEBUG (org.unitils.core.dbsupport.DefaultSQLHandler:187) - select column_type from information_schema.columns where table_schema = &apos;sampledb&apos; and table_name = &apos;t_user&apos; and column_name = &apos;locked&apos;
2018-05-03 14:46:44,257 DEBUG (org.unitils.core.dbsupport.DefaultSQLHandler:80) - alter table `sampledb`.`t_user` change column `locked` `locked` tinyint(4) NULL 
2018-05-03 14:46:44,257 DEBUG (org.unitils.core.dbsupport.DefaultSQLHandler:80) - alter table `sampledb`.`t_user` change column `locked` `locked` tinyint(4) NULL 
2018-05-03 14:46:44,378 DEBUG (org.unitils.core.dbsupport.DefaultSQLHandler:214) - select constraint_name from information_schema.table_constraints where constraint_type in (&apos;UNIQUE&apos;) AND table_name = &apos;dbmaintain_scripts&apos; and constraint_schema = &apos;sampledb&apos;
2018-05-03 14:46:44,378 DEBUG (org.unitils.core.dbsupport.DefaultSQLHandler:214) - select constraint_name from information_schema.table_constraints where constraint_type in (&apos;UNIQUE&apos;) AND table_name = &apos;dbmaintain_scripts&apos; and constraint_schema = &apos;sampledb&apos;
2018-05-03 14:46:44,379 DEBUG (org.unitils.core.dbsupport.DefaultSQLHandler:214) - select column_name from information_schema.columns where is_nullable = &apos;NO&apos; and column_key &lt;&gt; &apos;PRI&apos; and table_name = &apos;dbmaintain_scripts&apos; and table_schema = &apos;sampledb&apos;
[...]
2018-05-03 14:46:57,319 DEBUG (org.apache.commons.beanutils.converters.StringConverter:353) - Setting default value: 
2018-05-03 14:46:57,320 DEBUG (org.apache.commons.beanutils.converters.StringConverter:140) - Converting &apos;String&apos; value &apos;&apos; to type &apos;String&apos;
2018-05-03 14:46:57,512 DEBUG (org.apache.commons.beanutils.converters.ArrayConverter:353) - Setting default value: [Z@42f9c19a
2018-05-03 14:46:57,513 DEBUG (org.apache.commons.beanutils.converters.ArrayConverter:140) - Converting &apos;boolean[]&apos; value &apos;[Z@42f9c19a&apos; to type &apos;boolean[]&apos;
2018-05-03 14:46:57,514 DEBUG (org.apache.commons.beanutils.converters.ArrayConverter:162) -     No conversion required, value is already a boolean[]
2018-05-03 14:46:57,514 DEBUG (org.apache.commons.beanutils.converters.ArrayConverter:353) - Setting default value: [B@64bfd6fd
2018-05-03 14:46:57,515 DEBUG (org.apache.commons.beanutils.converters.ArrayConverter:140) - Converting &apos;byte[]&apos; value &apos;[B@64bfd6fd&apos; to type &apos;byte[]&apos;
2018-05-03 14:46:57,515 DEBUG (org.apache.commons.beanutils.converters.ArrayConverter:162) -     No conversion required, value is already a byte[]
2018-05-03 14:46:57,517 DEBUG (org.apache.commons.beanutils.converters.ArrayConverter:353) - Setting default value: [C@2ab2710
2018-05-03 14:46:57,518 DEBUG (org.apache.commons.beanutils.converters.ArrayConverter:140) - Converting &apos;char[]&apos; value &apos;[C@2ab2710&apos; to type &apos;char[]&apos;
2018-05-03 14:46:57,519 DEBUG (org.apache.commons.beanutils.converters.ArrayConverter:162) -     No conversion required, value is already a char[]
2018-05-03 14:46:57,519 DEBUG (org.apache.commons.beanutils.converters.ArrayConverter:353) - Setting default value: [D@253b380a
2018-05-03 14:46:57,520 DEBUG (org.apache.commons.beanutils.converters.ArrayConverter:140) - Converting &apos;double[]&apos; value &apos;[D@253b380a&apos; to type &apos;double[]&apos;
2018-05-03 14:46:57,521 DEBUG (org.apache.commons.beanutils.converters.ArrayConverter:162) -     No conversion required, value is already a double[]
2018-05-03 14:46:57,524 DEBUG (org.apache.commons.beanutils.converters.ArrayConverter:353) - Setting default value: [F@29c2c826
2018-05-03 14:46:57,526 DEBUG (org.apache.commons.beanutils.converters.ArrayConverter:140) - Converting &apos;float[]&apos; value &apos;[F@29c2c826&apos; to type &apos;float[]&apos;
2018-05-03 14:46:57,527 DEBUG (org.apache.commons.beanutils.converters.ArrayConverter:162) -     No conversion required, value is already a float[]
2018-05-03 14:46:57,527 DEBUG (org.apache.commons.beanutils.converters.ArrayConverter:353) - Setting default value: [I@3350ebdd
2018-05-03 14:46:57,529 DEBUG (org.apache.commons.beanutils.converters.ArrayConverter:140) - Converting &apos;int[]&apos; value &apos;[I@3350ebdd&apos; to type &apos;int[]&apos;
2018-05-03 14:46:57,529 DEBUG (org.apache.commons.beanutils.converters.ArrayConverter:162) -     No conversion required, value is already a int[]
2018-05-03 14:46:57,530 DEBUG (org.apache.commons.beanutils.converters.ArrayConverter:353) - Setting default value: [J@6818d900
2018-05-03 14:46:57,531 DEBUG (org.apache.commons.beanutils.converters.ArrayConverter:140) - Converting &apos;long[]&apos; value &apos;[J@6818d900&apos; to type &apos;long[]&apos;
2018-05-03 14:46:57,532 DEBUG (org.apache.commons.beanutils.converters.ArrayConverter:162) -     No conversion required, value is already a long[]
2018-05-03 14:46:57,533 DEBUG (org.apache.commons.beanutils.converters.ArrayConverter:353) - Setting default value: [S@149f5761
2018-05-03 14:46:57,533 DEBUG (org.apache.commons.beanutils.converters.ArrayConverter:140) - Converting &apos;short[]&apos; value &apos;[S@149f5761&apos; to type &apos;short[]&apos;
2018-05-03 14:46:57,534 DEBUG (org.apache.commons.beanutils.converters.ArrayConverter:162) -     No conversion required, value is already a short[]
2018-05-03 14:46:57,534 DEBUG (org.apache.commons.beanutils.converters.ArrayConverter:353) - Setting default value: [Ljava.math.BigDecimal;@2ba33e2c
2018-05-03 14:46:57,535 DEBUG (org.apache.commons.beanutils.converters.ArrayConverter:140) - Converting &apos;BigDecimal[]&apos; value &apos;[Ljava.math.BigDecimal;@2ba33e2c&apos; to type &apos;BigDecimal[]&apos;
2018-05-03 14:46:57,535 DEBUG (org.apache.commons.beanutils.converters.ArrayConverter:162) -     No conversion required, value is already a BigDecimal[]
2018-05-03 14:46:57,536 DEBUG (org.apache.commons.beanutils.converters.ArrayConverter:353) - Setting default value: [Ljava.math.BigInteger;@31e72cbc
2018-05-03 14:46:57,536 DEBUG (org.apache.commons.beanutils.converters.ArrayConverter:140) - Converting &apos;BigInteger[]&apos; value &apos;[Ljava.math.BigInteger;@31e72cbc&apos; to type &apos;BigInteger[]&apos;
2018-05-03 14:46:57,537 DEBUG (org.apache.commons.beanutils.converters.ArrayConverter:162) -     No conversion required, value is already a BigInteger[]
2018-05-03 14:46:57,540 DEBUG (org.apache.commons.beanutils.converters.ArrayConverter:353) - Setting default value: [Ljava.lang.Boolean;@6dcd5639
2018-05-03 14:46:57,541 DEBUG (org.apache.commons.beanutils.converters.ArrayConverter:140) - Converting &apos;Boolean[]&apos; value &apos;[Ljava.lang.Boolean;@6dcd5639&apos; to type &apos;Boolean[]&apos;
2018-05-03 14:46:57,541 DEBUG (org.apache.commons.beanutils.converters.ArrayConverter:162) -     No conversion required, value is already a Boolean[]
2018-05-03 14:46:57,542 DEBUG (org.apache.commons.beanutils.converters.ArrayConverter:353) - Setting default value: [Ljava.lang.Byte;@333cb916
2018-05-03 14:46:57,543 DEBUG (org.apache.commons.beanutils.converters.ArrayConverter:140) - Converting &apos;Byte[]&apos; value &apos;[Ljava.lang.Byte;@333cb916&apos; to type &apos;Byte[]&apos;
2018-05-03 14:46:57,544 DEBUG (org.apache.commons.beanutils.converters.ArrayConverter:162) -     No conversion required, value is already a Byte[]
2018-05-03 14:46:57,545 DEBUG (org.apache.commons.beanutils.converters.ArrayConverter:353) - Setting default value: [Ljava.lang.Character;@1d25c1c
2018-05-03 14:46:57,546 DEBUG (org.apache.commons.beanutils.converters.ArrayConverter:140) - Converting &apos;Character[]&apos; value &apos;[Ljava.lang.Character;@1d25c1c&apos; to type &apos;Character[]&apos;
2018-05-03 14:46:57,547 DEBUG (org.apache.commons.beanutils.converters.ArrayConverter:162) -     No conversion required, value is already a Character[]
2018-05-03 14:46:57,548 DEBUG (org.apache.commons.beanutils.converters.ArrayConverter:353) - Setting default value: [Ljava.lang.Double;@5bca7664
2018-05-03 14:46:57,548 DEBUG (org.apache.commons.beanutils.converters.ArrayConverter:140) - Converting &apos;Double[]&apos; value &apos;[Ljava.lang.Double;@5bca7664&apos; to type &apos;Double[]&apos;
2018-05-03 14:46:57,549 DEBUG (org.apache.commons.beanutils.converters.ArrayConverter:162) -     No conversion required, value is already a Double[]
2018-05-03 14:46:57,549 DEBUG (org.apache.commons.beanutils.converters.ArrayConverter:353) - Setting default value: [Ljava.lang.Float;@3fae596
2018-05-03 14:46:57,550 DEBUG (org.apache.commons.beanutils.converters.ArrayConverter:140) - Converting &apos;Float[]&apos; value &apos;[Ljava.lang.Float;@3fae596&apos; to type &apos;Float[]&apos;
2018-05-03 14:46:57,550 DEBUG (org.apache.commons.beanutils.converters.ArrayConverter:162) -     No conversion required, value is already a Float[]
2018-05-03 14:46:57,551 DEBUG (org.apache.commons.beanutils.converters.ArrayConverter:353) - Setting default value: [Ljava.lang.Integer;@42fcc7e6
2018-05-03 14:46:57,552 DEBUG (org.apache.commons.beanutils.converters.ArrayConverter:140) - Converting &apos;Integer[]&apos; value &apos;[Ljava.lang.Integer;@42fcc7e6&apos; to type &apos;Integer[]&apos;
2018-05-03 14:46:57,552 DEBUG (org.apache.commons.beanutils.converters.ArrayConverter:162) -     No conversion required, value is already a Integer[]
2018-05-03 14:46:57,552 DEBUG (org.apache.commons.beanutils.converters.ArrayConverter:353) - Setting default value: [Ljava.lang.Long;@5da7cee2
2018-05-03 14:46:57,553 DEBUG (org.apache.commons.beanutils.converters.ArrayConverter:140) - Converting &apos;Long[]&apos; value &apos;[Ljava.lang.Long;@5da7cee2&apos; to type &apos;Long[]&apos;
2018-05-03 14:46:57,554 DEBUG (org.apache.commons.beanutils.converters.ArrayConverter:162) -     No conversion required, value is already a Long[]
2018-05-03 14:46:57,560 DEBUG (org.apache.commons.beanutils.converters.ArrayConverter:353) - Setting default value: [Ljava.lang.Short;@5ce4369b
2018-05-03 14:46:57,563 DEBUG (org.apache.commons.beanutils.converters.ArrayConverter:140) - Converting &apos;Short[]&apos; value &apos;[Ljava.lang.Short;@5ce4369b&apos; to type &apos;Short[]&apos;
2018-05-03 14:46:57,564 DEBUG (org.apache.commons.beanutils.converters.ArrayConverter:162) -     No conversion required, value is already a Short[]
2018-05-03 14:46:57,565 DEBUG (org.apache.commons.beanutils.converters.ArrayConverter:353) - Setting default value: [Ljava.lang.String;@1cb19dba
2018-05-03 14:46:57,565 DEBUG (org.apache.commons.beanutils.converters.ArrayConverter:140) - Converting &apos;String[]&apos; value &apos;[Ljava.lang.String;@1cb19dba&apos; to type &apos;String[]&apos;
2018-05-03 14:46:57,566 DEBUG (org.apache.commons.beanutils.converters.ArrayConverter:162) -     No conversion required, value is already a String[]
2018-05-03 14:46:57,567 DEBUG (org.apache.commons.beanutils.converters.ArrayConverter:353) - Setting default value: [Ljava.lang.Class;@7c3ebc6b
2018-05-03 14:46:57,567 DEBUG (org.apache.commons.beanutils.converters.ArrayConverter:140) - Converting &apos;Class[]&apos; value &apos;[Ljava.lang.Class;@7c3ebc6b&apos; to type &apos;Class[]&apos;
2018-05-03 14:46:57,571 DEBUG (org.apache.commons.beanutils.converters.ArrayConverter:162) -     No conversion required, value is already a Class[]
2018-05-03 14:46:57,572 DEBUG (org.apache.commons.beanutils.converters.ArrayConverter:353) - Setting default value: [Ljava.util.Date;@1931d99
2018-05-03 14:46:57,573 DEBUG (org.apache.commons.beanutils.converters.ArrayConverter:140) - Converting &apos;Date[]&apos; value &apos;[Ljava.util.Date;@1931d99&apos; to type &apos;Date[]&apos;
2018-05-03 14:46:57,573 DEBUG (org.apache.commons.beanutils.converters.ArrayConverter:162) -     No conversion required, value is already a Date[]
2018-05-03 14:46:57,574 DEBUG (org.apache.commons.beanutils.converters.ArrayConverter:353) - Setting default value: [Ljava.util.Calendar;@7ad54c55
2018-05-03 14:46:57,574 DEBUG (org.apache.commons.beanutils.converters.ArrayConverter:140) - Converting &apos;Calendar[]&apos; value &apos;[Ljava.util.Calendar;@7ad54c55&apos; to type &apos;Calendar[]&apos;
2018-05-03 14:46:57,574 DEBUG (org.apache.commons.beanutils.converters.ArrayConverter:162) -     No conversion required, value is already a Calendar[]
2018-05-03 14:46:57,576 DEBUG (org.apache.commons.beanutils.converters.ArrayConverter:353) - Setting default value: [Ljava.io.File;@6ae7deac
2018-05-03 14:46:57,577 DEBUG (org.apache.commons.beanutils.converters.ArrayConverter:140) - Converting &apos;java.io.File[]&apos; value &apos;[Ljava.io.File;@6ae7deac&apos; to type &apos;java.io.File[]&apos;
2018-05-03 14:46:57,577 DEBUG (org.apache.commons.beanutils.converters.ArrayConverter:162) -     No conversion required, value is already a java.io.File[]
2018-05-03 14:46:57,578 DEBUG (org.apache.commons.beanutils.converters.ArrayConverter:353) - Setting default value: [Ljava.sql.Date;@1a3e5f23
2018-05-03 14:46:57,578 DEBUG (org.apache.commons.beanutils.converters.ArrayConverter:140) - Converting &apos;java.sql.Date[]&apos; value &apos;[Ljava.sql.Date;@1a3e5f23&apos; to type &apos;java.sql.Date[]&apos;
2018-05-03 14:46:57,579 DEBUG (org.apache.commons.beanutils.converters.ArrayConverter:162) -     No conversion required, value is already a java.sql.Date[]
2018-05-03 14:46:57,580 DEBUG (org.apache.commons.beanutils.converters.ArrayConverter:353) - Setting default value: [Ljava.sql.Time;@365553de
2018-05-03 14:46:57,580 DEBUG (org.apache.commons.beanutils.converters.ArrayConverter:140) - Converting &apos;java.sql.Time[]&apos; value &apos;[Ljava.sql.Time;@365553de&apos; to type &apos;java.sql.Time[]&apos;
2018-05-03 14:46:57,581 DEBUG (org.apache.commons.beanutils.converters.ArrayConverter:162) -     No conversion required, value is already a java.sql.Time[]
2018-05-03 14:46:57,582 DEBUG (org.apache.commons.beanutils.converters.ArrayConverter:353) - Setting default value: [Ljava.sql.Timestamp;@5c0f79f0
2018-05-03 14:46:57,583 DEBUG (org.apache.commons.beanutils.converters.ArrayConverter:140) - Converting &apos;java.sql.Timestamp[]&apos; value &apos;[Ljava.sql.Timestamp;@5c0f79f0&apos; to type &apos;java.sql.Timestamp[]&apos;
2018-05-03 14:46:57,584 DEBUG (org.apache.commons.beanutils.converters.ArrayConverter:162) -     No conversion required, value is already a java.sql.Timestamp[]
2018-05-03 14:46:57,585 DEBUG (org.apache.commons.beanutils.converters.ArrayConverter:353) - Setting default value: [Ljava.net.URL;@3daa82be
2018-05-03 14:46:57,585 DEBUG (org.apache.commons.beanutils.converters.ArrayConverter:140) - Converting &apos;java.net.URL[]&apos; value &apos;[Ljava.net.URL;@3daa82be&apos; to type &apos;java.net.URL[]&apos;
2018-05-03 14:46:57,586 DEBUG (org.apache.commons.beanutils.converters.ArrayConverter:162) -     No conversion required, value is already a java.net.URL[]
</system-out>
    <system-err>SLF4J: Class path contains multiple SLF4J bindings.
SLF4J: Found binding in [jar:file:/D:/mydoc/Maven/repo/org/slf4j/slf4j-log4j12/1.7.5/slf4j-log4j12-1.7.5.jar!/org/slf4j/impl/StaticLoggerBinder.class]
SLF4J: Found binding in [jar:file:/D:/mydoc/Maven/repo/org/slf4j/slf4j-nop/1.6.4/slf4j-nop-1.6.4.jar!/org/slf4j/impl/StaticLoggerBinder.class]
SLF4J: See http://www.slf4j.org/codes.html#multiple_bindings for an explanation.
SLF4J: Actual binding is of type [org.slf4j.impl.Log4jLoggerFactory]
</system-err>
  </testcase>
  <testcase classname="com.smart.dao.BoardDaoTest" name="unitilsBeforeTestSetUp" time="0.664">
    <failure message="Error inserting test data from DbUnit dataset for method public void com.smart.dao.BoardDaoTest.removeBoard()" type="org.unitils.core.UnitilsException">org.unitils.core.UnitilsException: Error inserting test data from DbUnit dataset for method public void com.smart.dao.BoardDaoTest.removeBoard()
	at org.unitils.dbunit.DbUnitModule.insertDataSet(DbUnitModule.java:190)
	at org.unitils.dbunit.DbUnitModule$DbUnitListener.beforeTestSetUp(DbUnitModule.java:791)
	at org.unitils.core.Unitils$UnitilsTestListener.beforeTestSetUp(Unitils.java:273)
	at org.unitils.UnitilsTestNG.unitilsBeforeTestSetUp(UnitilsTestNG.java:62)
	at sun.reflect.NativeMethodAccessorImpl.invoke0(Native Method)
	at sun.reflect.NativeMethodAccessorImpl.invoke(NativeMethodAccessorImpl.java:62)
	at sun.reflect.DelegatingMethodAccessorImpl.invoke(DelegatingMethodAccessorImpl.java:43)
	at java.lang.reflect.Method.invoke(Method.java:498)
	at org.testng.internal.MethodHelper.invokeMethod(MethodHelper.java:580)
	at org.testng.internal.Invoker.invokeConfigurationMethod(Invoker.java:398)
	at org.testng.internal.Invoker.invokeConfigurations(Invoker.java:145)
	at org.testng.internal.Invoker.invokeMethod(Invoker.java:427)
	at org.testng.internal.Invoker.invokeTestMethod(Invoker.java:617)
	at org.testng.internal.Invoker.invokeTestMethods(Invoker.java:885)
	at org.testng.internal.TestMethodWorker.invokeTestMethods(TestMethodWorker.java:126)
	at org.testng.internal.TestMethodWorker.run(TestMethodWorker.java:110)
	at org.testng.TestRunner.runWorkers(TestRunner.java:712)
	at org.testng.TestRunner.privateRun(TestRunner.java:582)
	at org.testng.TestRunner.run(TestRunner.java:477)
	at org.testng.SuiteRunner.runTest(SuiteRunner.java:324)
	at org.testng.SuiteRunner.runSequentially(SuiteRunner.java:319)
	at org.testng.SuiteRunner.privateRun(SuiteRunner.java:292)
	at org.testng.SuiteRunner.run(SuiteRunner.java:198)
	at org.testng.TestNG.createAndRunSuiteRunners(TestNG.java:821)
	at org.testng.TestNG.runSuitesLocally(TestNG.java:788)
	at org.testng.TestNG.run(TestNG.java:708)
	at org.apache.maven.surefire.testng.TestNGExecutor.run(TestNGExecutor.java:60)
	at org.apache.maven.surefire.testng.TestNGDirectoryTestSuite.executeMulti(TestNGDirectoryTestSuite.java:153)
	at org.apache.maven.surefire.testng.TestNGDirectoryTestSuite.execute(TestNGDirectoryTestSuite.java:99)
	at org.apache.maven.surefire.testng.TestNGProvider.invoke(TestNGProvider.java:111)
	at sun.reflect.NativeMethodAccessorImpl.invoke0(Native Method)
	at sun.reflect.NativeMethodAccessorImpl.invoke(NativeMethodAccessorImpl.java:62)
	at sun.reflect.DelegatingMethodAccessorImpl.invoke(DelegatingMethodAccessorImpl.java:43)
	at java.lang.reflect.Method.invoke(Method.java:498)
	at org.apache.maven.surefire.booter.ProviderFactory$ClassLoaderProxy.invoke(ProviderFactory.java:103)
	at com.sun.proxy.$Proxy0.invoke(Unknown Source)
	at org.apache.maven.surefire.booter.SurefireStarter.invokeProvider(SurefireStarter.java:150)
	at org.apache.maven.surefire.booter.SurefireStarter.runSuitesInProcess(SurefireStarter.java:91)
	at org.apache.maven.surefire.booter.ForkedBooter.main(ForkedBooter.java:69)
Caused by: org.unitils.core.UnitilsException: Could not load class with name com.smart.test.dataset.excel.MultiSchemaXlsDataSetFactory
	at org.unitils.util.ReflectionUtils.getClassWithName(ReflectionUtils.java:612)
	at org.unitils.util.ModuleUtils.getClassValueReplaceDefault(ModuleUtils.java:145)
	at org.unitils.dbunit.DbUnitModule.getDataSetFactory(DbUnitModule.java:712)
	at org.unitils.dbunit.DbUnitModule.getDataSet(DbUnitModule.java:441)
	at org.unitils.dbunit.DbUnitModule.insertDataSet(DbUnitModule.java:261)
	at org.unitils.dbunit.DbUnitModule.insertDataSet(DbUnitModule.java:187)
	... 38 more
Caused by: java.lang.ClassNotFoundException: com.smart.test.dataset.excel.MultiSchemaXlsDataSetFactory
	at java.net.URLClassLoader.findClass(URLClassLoader.java:381)
	at java.lang.ClassLoader.loadClass(ClassLoader.java:424)
	at sun.misc.Launcher$AppClassLoader.loadClass(Launcher.java:335)
	at java.lang.ClassLoader.loadClass(ClassLoader.java:357)
	at java.lang.Class.forName0(Native Method)
	at java.lang.Class.forName(Class.java:264)
	at org.unitils.util.ReflectionUtils.getClassWithName(ReflectionUtils.java:609)
	... 43 more
Caused by: org.unitils.core.UnitilsException: Could not load class with name com.smart.test.dataset.excel.MultiSchemaXlsDataSetFactory
	at org.unitils.util.ReflectionUtils.getClassWithName(ReflectionUtils.java:612)
	at org.unitils.util.ModuleUtils.getClassValueReplaceDefault(ModuleUtils.java:145)
	at org.unitils.dbunit.DbUnitModule.getDataSetFactory(DbUnitModule.java:712)
	at org.unitils.dbunit.DbUnitModule.getDataSet(DbUnitModule.java:441)
	at org.unitils.dbunit.DbUnitModule.insertDataSet(DbUnitModule.java:261)
	at org.unitils.dbunit.DbUnitModule.insertDataSet(DbUnitModule.java:187)
	... 38 more
Caused by: java.lang.ClassNotFoundException: com.smart.test.dataset.excel.MultiSchemaXlsDataSetFactory
	at java.net.URLClassLoader.findClass(URLClassLoader.java:381)
	at java.lang.ClassLoader.loadClass(ClassLoader.java:424)
	at sun.misc.Launcher$AppClassLoader.loadClass(Launcher.java:335)
	at java.lang.ClassLoader.loadClass(ClassLoader.java:357)
	at java.lang.Class.forName0(Native Method)
	at java.lang.Class.forName(Class.java:264)
	at org.unitils.util.ReflectionUtils.getClassWithName(ReflectionUtils.java:609)
	... 43 more
</failure>
  </testcase>
  <testcase classname="com.smart.dao.BoardDaoTest" name="removeBoard" time="0.001">
    <skipped/>
  </testcase>
  <testcase classname="com.smart.dao.BoardDaoTest" name="unitilsBeforeTestSetUp" time="0.007">
    <skipped/>
  </testcase>
  <testcase classname="com.smart.dao.BoardDaoTest" name="getBoard" time="0">
    <skipped/>
  </testcase>
</testsuite>