<?xml version="1.0" encoding="UTF-8"?>
<!-- Generated by org.testng.reporters.JUnitXMLReporter -->
<testsuite hostname="VaporYan" name="Surefire test" tests="3" failures="0" timestamp="17 Apr 2018 01:25:09 GMT" time="4.513" errors="0">
  <testcase name="hasMatchUser" time="0.101" classname="com.smart.service.UserServiceTest"/>
  <testcase name="testAddLoginLog" time="0.257" classname="com.smart.service.UserServiceTest"/>
  <testcase name="testFindUserByUserName" time="0.341" classname="com.smart.service.UserServiceTest"/>
</testsuite> <!-- Surefire test -->
